 DB=cutoff38 RESULTS=2 NAME: waste_digestion, Search parameters: AND=['waste', 'digestion'] OR=None NOT=None UNIT=kilogram CODE=waste_digestion_kilogram
 DB=cutoff38 RESULTS=1221 NAME: waste_hazardous, Search parameters: AND=['waste'] OR=['hazardous', 'radioactive'] NOT=None UNIT=kilogram CODE=waste_hazardous_kilogram
 DB=cutoff38 RESULTS=24080 NAME: waste_non-hazardous, Search parameters: AND=['waste'] OR=None NOT=['hazardous', 'radioactive'] UNIT=kilogram CODE=waste_non-hazardous_kilogram
 DB=cutoff38 RESULTS=1408 NAME: waste_incineration, Search parameters: AND=['waste', 'incineration'] OR=None NOT=None UNIT=kilogram CODE=waste_incineration_kilogram
 DB=cutoff38 RESULTS=516 NAME: waste_open-burning, Search parameters: AND=['waste', 'burning'] OR=None NOT=None UNIT=kilogram CODE=waste_open-burning_kilogram
 DB=cutoff38 RESULTS=42 NAME: waste_recycling, Search parameters: AND=['waste', 'recycling'] OR=None NOT=None UNIT=kilogram CODE=waste_recycling_kilogram
 DB=cutoff38 RESULTS=1132 NAME: waste_landfill, Search parameters: AND=['waste'] OR=['landfill', 'dumped', 'deposit'] NOT=None UNIT=kilogram CODE=waste_landfill_kilogram
 DB=cutoff38 RESULTS=8 NAME: waste_composting, Search parameters: AND=['waste', 'composting'] OR=None NOT=None UNIT=kilogram CODE=waste_composting_kilogram
 DB=cutoff38 RESULTS=25301 NAME: waste_total, Search parameters: AND=['waste'] OR=None NOT=None UNIT=kilogram CODE=waste_total_kilogram
 DB=cutoff38 RESULTS=2 NAME: waste_digestion, Search parameters: AND=['waste', 'digestion'] OR=None NOT=None UNIT=cubic meter CODE=waste_digestion_cubicmeter
 DB=cutoff38 RESULTS=278 NAME: waste_hazardous, Search parameters: AND=['waste'] OR=['hazardous', 'radioactive'] NOT=None UNIT=cubic meter CODE=waste_hazardous_cubicmeter
 DB=cutoff38 RESULTS=2585 NAME: waste_non-hazardous, Search parameters: AND=['waste'] OR=None NOT=['hazardous', 'radioactive'] UNIT=cubic meter CODE=waste_non-hazardous_cubicmeter
 DB=cutoff38 RESULTS=1 NAME: waste_incineration, Search parameters: AND=['waste', 'incineration'] OR=None NOT=None UNIT=cubic meter CODE=waste_incineration_cubicmeter
 DB=cutoff38 RESULTS=0 NAME: waste_open-burning, Search parameters: AND=['waste', 'burning'] OR=None NOT=None UNIT=cubic meter CODE=waste_open-burning_cubicmeter
 DB=cutoff38 RESULTS=0 NAME: waste_recycling, Search parameters: AND=['waste', 'recycling'] OR=None NOT=None UNIT=cubic meter CODE=waste_recycling_cubicmeter
 DB=cutoff38 RESULTS=1 NAME: waste_landfill, Search parameters: AND=['waste'] OR=['landfill', 'dumped', 'deposit'] NOT=None UNIT=cubic meter CODE=waste_landfill_cubicmeter
 DB=cutoff38 RESULTS=0 NAME: waste_composting, Search parameters: AND=['waste', 'composting'] OR=None NOT=None UNIT=cubic meter CODE=waste_composting_cubicmeter
 DB=cutoff38 RESULTS=2863 NAME: waste_total, Search parameters: AND=['waste'] OR=None NOT=None UNIT=cubic meter CODE=waste_total_cubicmeter
 DB=cutoff38 RESULTS=2 NAME: waste_digestion, Search parameters: AND=['waste', 'digestion'] OR=None NOT=None UNIT=kilogram CODE=waste_digestion_kilogram
 DB=cutoff38 RESULTS=1221 NAME: waste_hazardous, Search parameters: AND=['waste'] OR=['hazardous', 'radioactive'] NOT=None UNIT=kilogram CODE=waste_hazardous_kilogram
 DB=cutoff38 RESULTS=24080 NAME: waste_non-hazardous, Search parameters: AND=['waste'] OR=None NOT=['hazardous', 'radioactive'] UNIT=kilogram CODE=waste_non-hazardous_kilogram
 DB=cutoff38 RESULTS=1408 NAME: waste_incineration, Search parameters: AND=['waste', 'incineration'] OR=None NOT=None UNIT=kilogram CODE=waste_incineration_kilogram
 DB=cutoff38 RESULTS=516 NAME: waste_open-burning, Search parameters: AND=['waste', 'burning'] OR=None NOT=None UNIT=kilogram CODE=waste_open-burning_kilogram
 DB=cutoff38 RESULTS=42 NAME: waste_recycling, Search parameters: AND=['waste', 'recycling'] OR=None NOT=None UNIT=kilogram CODE=waste_recycling_kilogram
 DB=cutoff38 RESULTS=1132 NAME: waste_landfill, Search parameters: AND=['waste'] OR=['landfill', 'dumped', 'deposit'] NOT=None UNIT=kilogram CODE=waste_landfill_kilogram
 DB=cutoff38 RESULTS=8 NAME: waste_composting, Search parameters: AND=['waste', 'composting'] OR=None NOT=None UNIT=kilogram CODE=waste_composting_kilogram
 DB=cutoff38 RESULTS=25301 NAME: waste_total, Search parameters: AND=['waste'] OR=None NOT=None UNIT=kilogram CODE=waste_total_kilogram
 DB=cutoff38 RESULTS=2 NAME: waste_digestion, Search parameters: AND=['waste', 'digestion'] OR=None NOT=None UNIT=cubic meter CODE=waste_digestion_cubicmeter
 DB=cutoff38 RESULTS=278 NAME: waste_hazardous, Search parameters: AND=['waste'] OR=['hazardous', 'radioactive'] NOT=None UNIT=cubic meter CODE=waste_hazardous_cubicmeter
 DB=cutoff38 RESULTS=2585 NAME: waste_non-hazardous, Search parameters: AND=['waste'] OR=None NOT=['hazardous', 'radioactive'] UNIT=cubic meter CODE=waste_non-hazardous_cubicmeter
 DB=cutoff38 RESULTS=1 NAME: waste_incineration, Search parameters: AND=['waste', 'incineration'] OR=None NOT=None UNIT=cubic meter CODE=waste_incineration_cubicmeter
 DB=cutoff38 RESULTS=0 NAME: waste_open-burning, Search parameters: AND=['waste', 'burning'] OR=None NOT=None UNIT=cubic meter CODE=waste_open-burning_cubicmeter
 DB=cutoff38 RESULTS=0 NAME: waste_recycling, Search parameters: AND=['waste', 'recycling'] OR=None NOT=None UNIT=cubic meter CODE=waste_recycling_cubicmeter
 DB=cutoff38 RESULTS=1 NAME: waste_landfill, Search parameters: AND=['waste'] OR=['landfill', 'dumped', 'deposit'] NOT=None UNIT=cubic meter CODE=waste_landfill_cubicmeter
 DB=cutoff38 RESULTS=0 NAME: waste_composting, Search parameters: AND=['waste', 'composting'] OR=None NOT=None UNIT=cubic meter CODE=waste_composting_cubicmeter
 DB=cutoff38 RESULTS=2863 NAME: waste_total, Search parameters: AND=['waste'] OR=None NOT=None UNIT=cubic meter CODE=waste_total_cubicmeter
 DB=cutoff39 RESULTS=2 NAME: waste_digestion, Search parameters: AND=['waste', 'digestion'] OR=None NOT=None UNIT=kilogram CODE=waste_digestion_kilogram
 DB=cutoff39 RESULTS=1431 NAME: waste_hazardous, Search parameters: AND=['waste'] OR=['hazardous', 'radioactive'] NOT=None UNIT=kilogram CODE=waste_hazardous_kilogram
 DB=cutoff39 RESULTS=24977 NAME: waste_non-hazardous, Search parameters: AND=['waste'] OR=None NOT=['hazardous', 'radioactive'] UNIT=kilogram CODE=waste_non-hazardous_kilogram
 DB=cutoff39 RESULTS=1443 NAME: waste_incineration, Search parameters: AND=['waste', 'incineration'] OR=None NOT=None UNIT=kilogram CODE=waste_incineration_kilogram
 DB=cutoff39 RESULTS=516 NAME: waste_open-burning, Search parameters: AND=['waste', 'burning'] OR=None NOT=None UNIT=kilogram CODE=waste_open-burning_kilogram
 DB=cutoff39 RESULTS=42 NAME: waste_recycling, Search parameters: AND=['waste', 'recycling'] OR=None NOT=None UNIT=kilogram CODE=waste_recycling_kilogram
 DB=cutoff39 RESULTS=1251 NAME: waste_landfill, Search parameters: AND=['waste'] OR=['landfill', 'dumped', 'deposit'] NOT=None UNIT=kilogram CODE=waste_landfill_kilogram
 DB=cutoff39 RESULTS=8 NAME: waste_composting, Search parameters: AND=['waste', 'composting'] OR=None NOT=None UNIT=kilogram CODE=waste_composting_kilogram
 DB=cutoff39 RESULTS=26408 NAME: waste_total, Search parameters: AND=['waste'] OR=None NOT=None UNIT=kilogram CODE=waste_total_kilogram
 DB=cutoff39 RESULTS=2 NAME: waste_digestion, Search parameters: AND=['waste', 'digestion'] OR=None NOT=None UNIT=cubic meter CODE=waste_digestion_cubicmeter
 DB=cutoff39 RESULTS=277 NAME: waste_hazardous, Search parameters: AND=['waste'] OR=['hazardous', 'radioactive'] NOT=None UNIT=cubic meter CODE=waste_hazardous_cubicmeter
 DB=cutoff39 RESULTS=3421 NAME: waste_non-hazardous, Search parameters: AND=['waste'] OR=None NOT=['hazardous', 'radioactive'] UNIT=cubic meter CODE=waste_non-hazardous_cubicmeter
 DB=cutoff39 RESULTS=1 NAME: waste_incineration, Search parameters: AND=['waste', 'incineration'] OR=None NOT=None UNIT=cubic meter CODE=waste_incineration_cubicmeter
 DB=cutoff39 RESULTS=0 NAME: waste_open-burning, Search parameters: AND=['waste', 'burning'] OR=None NOT=None UNIT=cubic meter CODE=waste_open-burning_cubicmeter
 DB=cutoff39 RESULTS=0 NAME: waste_recycling, Search parameters: AND=['waste', 'recycling'] OR=None NOT=None UNIT=cubic meter CODE=waste_recycling_cubicmeter
 DB=cutoff39 RESULTS=1 NAME: waste_landfill, Search parameters: AND=['waste'] OR=['landfill', 'dumped', 'deposit'] NOT=None UNIT=cubic meter CODE=waste_landfill_cubicmeter
 DB=cutoff39 RESULTS=0 NAME: waste_composting, Search parameters: AND=['waste', 'composting'] OR=None NOT=None UNIT=cubic meter CODE=waste_composting_cubicmeter
 DB=cutoff39 RESULTS=3698 NAME: waste_total, Search parameters: AND=['waste'] OR=None NOT=None UNIT=cubic meter CODE=waste_total_cubicmeter
 DB=con38 RESULTS=2 NAME: waste_digestion, Search parameters: AND=['waste', 'digestion'] OR=None NOT=None UNIT=kilogram CODE=waste_digestion_kilogram
 DB=con38 RESULTS=949 NAME: waste_hazardous, Search parameters: AND=['waste'] OR=['hazardous', 'radioactive'] NOT=None UNIT=kilogram CODE=waste_hazardous_kilogram
 DB=con38 RESULTS=21057 NAME: waste_non-hazardous, Search parameters: AND=['waste'] OR=None NOT=['hazardous', 'radioactive'] UNIT=kilogram CODE=waste_non-hazardous_kilogram
 DB=con38 RESULTS=1209 NAME: waste_incineration, Search parameters: AND=['waste', 'incineration'] OR=None NOT=None UNIT=kilogram CODE=waste_incineration_kilogram
 DB=con38 RESULTS=559 NAME: waste_open-burning, Search parameters: AND=['waste', 'burning'] OR=None NOT=None UNIT=kilogram CODE=waste_open-burning_kilogram
 DB=con38 RESULTS=54 NAME: waste_recycling, Search parameters: AND=['waste', 'recycling'] OR=None NOT=None UNIT=kilogram CODE=waste_recycling_kilogram
 DB=con38 RESULTS=1053 NAME: waste_landfill, Search parameters: AND=['waste'] OR=['landfill', 'dumped', 'deposit'] NOT=None UNIT=kilogram CODE=waste_landfill_kilogram
 DB=con38 RESULTS=8 NAME: waste_composting, Search parameters: AND=['waste', 'composting'] OR=None NOT=None UNIT=kilogram CODE=waste_composting_kilogram
 DB=con38 RESULTS=22006 NAME: waste_total, Search parameters: AND=['waste'] OR=None NOT=None UNIT=kilogram CODE=waste_total_kilogram
 DB=con38 RESULTS=2 NAME: waste_digestion, Search parameters: AND=['waste', 'digestion'] OR=None NOT=None UNIT=cubic meter CODE=waste_digestion_cubicmeter
 DB=con38 RESULTS=284 NAME: waste_hazardous, Search parameters: AND=['waste'] OR=['hazardous', 'radioactive'] NOT=None UNIT=cubic meter CODE=waste_hazardous_cubicmeter
 DB=con38 RESULTS=2075 NAME: waste_non-hazardous, Search parameters: AND=['waste'] OR=None NOT=['hazardous', 'radioactive'] UNIT=cubic meter CODE=waste_non-hazardous_cubicmeter
 DB=con38 RESULTS=1 NAME: waste_incineration, Search parameters: AND=['waste', 'incineration'] OR=None NOT=None UNIT=cubic meter CODE=waste_incineration_cubicmeter
 DB=con38 RESULTS=0 NAME: waste_open-burning, Search parameters: AND=['waste', 'burning'] OR=None NOT=None UNIT=cubic meter CODE=waste_open-burning_cubicmeter
 DB=con38 RESULTS=0 NAME: waste_recycling, Search parameters: AND=['waste', 'recycling'] OR=None NOT=None UNIT=cubic meter CODE=waste_recycling_cubicmeter
 DB=con38 RESULTS=1 NAME: waste_landfill, Search parameters: AND=['waste'] OR=['landfill', 'dumped', 'deposit'] NOT=None UNIT=cubic meter CODE=waste_landfill_cubicmeter
 DB=con38 RESULTS=0 NAME: waste_composting, Search parameters: AND=['waste', 'composting'] OR=None NOT=None UNIT=cubic meter CODE=waste_composting_cubicmeter
 DB=con38 RESULTS=2359 NAME: waste_total, Search parameters: AND=['waste'] OR=None NOT=None UNIT=cubic meter CODE=waste_total_cubicmeter
 DB=con39 RESULTS=2 NAME: waste_digestion, Search parameters: AND=['waste', 'digestion'] OR=None NOT=None UNIT=kilogram CODE=waste_digestion_kilogram
 DB=con39 RESULTS=1133 NAME: waste_hazardous, Search parameters: AND=['waste'] OR=['hazardous', 'radioactive'] NOT=None UNIT=kilogram CODE=waste_hazardous_kilogram
 DB=con39 RESULTS=22253 NAME: waste_non-hazardous, Search parameters: AND=['waste'] OR=None NOT=['hazardous', 'radioactive'] UNIT=kilogram CODE=waste_non-hazardous_kilogram
 DB=con39 RESULTS=1218 NAME: waste_incineration, Search parameters: AND=['waste', 'incineration'] OR=None NOT=None UNIT=kilogram CODE=waste_incineration_kilogram
 DB=con39 RESULTS=559 NAME: waste_open-burning, Search parameters: AND=['waste', 'burning'] OR=None NOT=None UNIT=kilogram CODE=waste_open-burning_kilogram
 DB=con39 RESULTS=57 NAME: waste_recycling, Search parameters: AND=['waste', 'recycling'] OR=None NOT=None UNIT=kilogram CODE=waste_recycling_kilogram
 DB=con39 RESULTS=1152 NAME: waste_landfill, Search parameters: AND=['waste'] OR=['landfill', 'dumped', 'deposit'] NOT=None UNIT=kilogram CODE=waste_landfill_kilogram
 DB=con39 RESULTS=8 NAME: waste_composting, Search parameters: AND=['waste', 'composting'] OR=None NOT=None UNIT=kilogram CODE=waste_composting_kilogram
 DB=con39 RESULTS=23386 NAME: waste_total, Search parameters: AND=['waste'] OR=None NOT=None UNIT=kilogram CODE=waste_total_kilogram
 DB=con39 RESULTS=2 NAME: waste_digestion, Search parameters: AND=['waste', 'digestion'] OR=None NOT=None UNIT=cubic meter CODE=waste_digestion_cubicmeter
 DB=con39 RESULTS=295 NAME: waste_hazardous, Search parameters: AND=['waste'] OR=['hazardous', 'radioactive'] NOT=None UNIT=cubic meter CODE=waste_hazardous_cubicmeter
 DB=con39 RESULTS=2763 NAME: waste_non-hazardous, Search parameters: AND=['waste'] OR=None NOT=['hazardous', 'radioactive'] UNIT=cubic meter CODE=waste_non-hazardous_cubicmeter
 DB=con39 RESULTS=1 NAME: waste_incineration, Search parameters: AND=['waste', 'incineration'] OR=None NOT=None UNIT=cubic meter CODE=waste_incineration_cubicmeter
 DB=con39 RESULTS=0 NAME: waste_open-burning, Search parameters: AND=['waste', 'burning'] OR=None NOT=None UNIT=cubic meter CODE=waste_open-burning_cubicmeter
 DB=con39 RESULTS=0 NAME: waste_recycling, Search parameters: AND=['waste', 'recycling'] OR=None NOT=None UNIT=cubic meter CODE=waste_recycling_cubicmeter
 DB=con39 RESULTS=1 NAME: waste_landfill, Search parameters: AND=['waste'] OR=['landfill', 'dumped', 'deposit'] NOT=None UNIT=cubic meter CODE=waste_landfill_cubicmeter
 DB=con39 RESULTS=0 NAME: waste_composting, Search parameters: AND=['waste', 'composting'] OR=None NOT=None UNIT=cubic meter CODE=waste_composting_cubicmeter
 DB=con39 RESULTS=3058 NAME: waste_total, Search parameters: AND=['waste'] OR=None NOT=None UNIT=cubic meter CODE=waste_total_cubicmeter
 DB=cutoff38 RESULTS=2 NAME: waste_digestion, Search parameters: AND=['waste', 'digestion'] OR=None NOT=None UNIT=kilogram CODE=waste_digestion_kilogram
 DB=cutoff38 RESULTS=1221 NAME: waste_hazardous, Search parameters: AND=['waste'] OR=['hazardous', 'radioactive'] NOT=None UNIT=kilogram CODE=waste_hazardous_kilogram
 DB=cutoff38 RESULTS=24080 NAME: waste_non-hazardous, Search parameters: AND=['waste'] OR=None NOT=['hazardous', 'radioactive'] UNIT=kilogram CODE=waste_non-hazardous_kilogram
 DB=cutoff38 RESULTS=1408 NAME: waste_incineration, Search parameters: AND=['waste', 'incineration'] OR=None NOT=None UNIT=kilogram CODE=waste_incineration_kilogram
 DB=cutoff38 RESULTS=516 NAME: waste_open-burning, Search parameters: AND=['waste', 'burning'] OR=None NOT=None UNIT=kilogram CODE=waste_open-burning_kilogram
 DB=cutoff38 RESULTS=42 NAME: waste_recycling, Search parameters: AND=['waste', 'recycling'] OR=None NOT=None UNIT=kilogram CODE=waste_recycling_kilogram
 DB=cutoff38 RESULTS=1132 NAME: waste_landfill, Search parameters: AND=['waste'] OR=['landfill', 'dumped', 'deposit'] NOT=None UNIT=kilogram CODE=waste_landfill_kilogram
 DB=cutoff38 RESULTS=8 NAME: waste_composting, Search parameters: AND=['waste', 'composting'] OR=None NOT=None UNIT=kilogram CODE=waste_composting_kilogram
 DB=cutoff38 RESULTS=25301 NAME: waste_total, Search parameters: AND=['waste'] OR=None NOT=None UNIT=kilogram CODE=waste_total_kilogram
 DB=cutoff38 RESULTS=2 NAME: waste_digestion, Search parameters: AND=['waste', 'digestion'] OR=None NOT=None UNIT=cubic meter CODE=waste_digestion_cubicmeter
 DB=cutoff38 RESULTS=278 NAME: waste_hazardous, Search parameters: AND=['waste'] OR=['hazardous', 'radioactive'] NOT=None UNIT=cubic meter CODE=waste_hazardous_cubicmeter
 DB=cutoff38 RESULTS=2585 NAME: waste_non-hazardous, Search parameters: AND=['waste'] OR=None NOT=['hazardous', 'radioactive'] UNIT=cubic meter CODE=waste_non-hazardous_cubicmeter
 DB=cutoff38 RESULTS=1 NAME: waste_incineration, Search parameters: AND=['waste', 'incineration'] OR=None NOT=None UNIT=cubic meter CODE=waste_incineration_cubicmeter
 DB=cutoff38 RESULTS=0 NAME: waste_open-burning, Search parameters: AND=['waste', 'burning'] OR=None NOT=None UNIT=cubic meter CODE=waste_open-burning_cubicmeter
 DB=cutoff38 RESULTS=0 NAME: waste_recycling, Search parameters: AND=['waste', 'recycling'] OR=None NOT=None UNIT=cubic meter CODE=waste_recycling_cubicmeter
 DB=cutoff38 RESULTS=1 NAME: waste_landfill, Search parameters: AND=['waste'] OR=['landfill', 'dumped', 'deposit'] NOT=None UNIT=cubic meter CODE=waste_landfill_cubicmeter
 DB=cutoff38 RESULTS=0 NAME: waste_composting, Search parameters: AND=['waste', 'composting'] OR=None NOT=None UNIT=cubic meter CODE=waste_composting_cubicmeter
 DB=cutoff38 RESULTS=2863 NAME: waste_total, Search parameters: AND=['waste'] OR=None NOT=None UNIT=cubic meter CODE=waste_total_cubicmeter
 DB=cutoff39 RESULTS=2 NAME: waste_digestion, Search parameters: AND=['waste', 'digestion'] OR=None NOT=None UNIT=kilogram CODE=waste_digestion_kilogram
 DB=cutoff39 RESULTS=1431 NAME: waste_hazardous, Search parameters: AND=['waste'] OR=['hazardous', 'radioactive'] NOT=None UNIT=kilogram CODE=waste_hazardous_kilogram
 DB=cutoff39 RESULTS=24977 NAME: waste_non-hazardous, Search parameters: AND=['waste'] OR=None NOT=['hazardous', 'radioactive'] UNIT=kilogram CODE=waste_non-hazardous_kilogram
 DB=cutoff39 RESULTS=1443 NAME: waste_incineration, Search parameters: AND=['waste', 'incineration'] OR=None NOT=None UNIT=kilogram CODE=waste_incineration_kilogram
 DB=cutoff39 RESULTS=516 NAME: waste_open-burning, Search parameters: AND=['waste', 'burning'] OR=None NOT=None UNIT=kilogram CODE=waste_open-burning_kilogram
 DB=cutoff39 RESULTS=42 NAME: waste_recycling, Search parameters: AND=['waste', 'recycling'] OR=None NOT=None UNIT=kilogram CODE=waste_recycling_kilogram
 DB=cutoff39 RESULTS=1251 NAME: waste_landfill, Search parameters: AND=['waste'] OR=['landfill', 'dumped', 'deposit'] NOT=None UNIT=kilogram CODE=waste_landfill_kilogram
 DB=cutoff39 RESULTS=8 NAME: waste_composting, Search parameters: AND=['waste', 'composting'] OR=None NOT=None UNIT=kilogram CODE=waste_composting_kilogram
 DB=cutoff39 RESULTS=26408 NAME: waste_total, Search parameters: AND=['waste'] OR=None NOT=None UNIT=kilogram CODE=waste_total_kilogram
 DB=cutoff39 RESULTS=2 NAME: waste_digestion, Search parameters: AND=['waste', 'digestion'] OR=None NOT=None UNIT=cubic meter CODE=waste_digestion_cubicmeter
 DB=cutoff39 RESULTS=277 NAME: waste_hazardous, Search parameters: AND=['waste'] OR=['hazardous', 'radioactive'] NOT=None UNIT=cubic meter CODE=waste_hazardous_cubicmeter
 DB=cutoff39 RESULTS=3421 NAME: waste_non-hazardous, Search parameters: AND=['waste'] OR=None NOT=['hazardous', 'radioactive'] UNIT=cubic meter CODE=waste_non-hazardous_cubicmeter
 DB=cutoff39 RESULTS=1 NAME: waste_incineration, Search parameters: AND=['waste', 'incineration'] OR=None NOT=None UNIT=cubic meter CODE=waste_incineration_cubicmeter
 DB=cutoff39 RESULTS=0 NAME: waste_open-burning, Search parameters: AND=['waste', 'burning'] OR=None NOT=None UNIT=cubic meter CODE=waste_open-burning_cubicmeter
 DB=cutoff39 RESULTS=0 NAME: waste_recycling, Search parameters: AND=['waste', 'recycling'] OR=None NOT=None UNIT=cubic meter CODE=waste_recycling_cubicmeter
 DB=cutoff39 RESULTS=1 NAME: waste_landfill, Search parameters: AND=['waste'] OR=['landfill', 'dumped', 'deposit'] NOT=None UNIT=cubic meter CODE=waste_landfill_cubicmeter
 DB=cutoff39 RESULTS=0 NAME: waste_composting, Search parameters: AND=['waste', 'composting'] OR=None NOT=None UNIT=cubic meter CODE=waste_composting_cubicmeter
 DB=cutoff39 RESULTS=3698 NAME: waste_total, Search parameters: AND=['waste'] OR=None NOT=None UNIT=cubic meter CODE=waste_total_cubicmeter
 DB=cutoff35 RESULTS=2 NAME: waste_digestion, Search parameters: AND=['waste', 'digestion'] OR=None NOT=None UNIT=kilogram CODE=waste_digestion_kilogram
 DB=cutoff35 RESULTS=695 NAME: waste_hazardous, Search parameters: AND=['waste'] OR=['hazardous', 'radioactive'] NOT=None UNIT=kilogram CODE=waste_hazardous_kilogram
 DB=cutoff35 RESULTS=21009 NAME: waste_non-hazardous, Search parameters: AND=['waste'] OR=None NOT=['hazardous', 'radioactive'] UNIT=kilogram CODE=waste_non-hazardous_kilogram
 DB=cutoff35 RESULTS=1038 NAME: waste_incineration, Search parameters: AND=['waste', 'incineration'] OR=None NOT=None UNIT=kilogram CODE=waste_incineration_kilogram
 DB=cutoff35 RESULTS=512 NAME: waste_open-burning, Search parameters: AND=['waste', 'burning'] OR=None NOT=None UNIT=kilogram CODE=waste_open-burning_kilogram
 DB=cutoff35 RESULTS=40 NAME: waste_recycling, Search parameters: AND=['waste', 'recycling'] OR=None NOT=None UNIT=kilogram CODE=waste_recycling_kilogram
 DB=cutoff35 RESULTS=885 NAME: waste_landfill, Search parameters: AND=['waste'] OR=['landfill', 'dumped', 'deposit'] NOT=None UNIT=kilogram CODE=waste_landfill_kilogram
 DB=cutoff35 RESULTS=2 NAME: waste_composting, Search parameters: AND=['waste', 'composting'] OR=None NOT=None UNIT=kilogram CODE=waste_composting_kilogram
 DB=cutoff35 RESULTS=21704 NAME: waste_total, Search parameters: AND=['waste'] OR=None NOT=None UNIT=kilogram CODE=waste_total_kilogram
 DB=cutoff35 RESULTS=2 NAME: waste_digestion, Search parameters: AND=['waste', 'digestion'] OR=None NOT=None UNIT=cubic meter CODE=waste_digestion_cubicmeter
 DB=cutoff35 RESULTS=237 NAME: waste_hazardous, Search parameters: AND=['waste'] OR=['hazardous', 'radioactive'] NOT=None UNIT=cubic meter CODE=waste_hazardous_cubicmeter
 DB=cutoff35 RESULTS=1924 NAME: waste_non-hazardous, Search parameters: AND=['waste'] OR=None NOT=['hazardous', 'radioactive'] UNIT=cubic meter CODE=waste_non-hazardous_cubicmeter
 DB=cutoff35 RESULTS=1 NAME: waste_incineration, Search parameters: AND=['waste', 'incineration'] OR=None NOT=None UNIT=cubic meter CODE=waste_incineration_cubicmeter
 DB=cutoff35 RESULTS=0 NAME: waste_open-burning, Search parameters: AND=['waste', 'burning'] OR=None NOT=None UNIT=cubic meter CODE=waste_open-burning_cubicmeter
 DB=cutoff35 RESULTS=0 NAME: waste_recycling, Search parameters: AND=['waste', 'recycling'] OR=None NOT=None UNIT=cubic meter CODE=waste_recycling_cubicmeter
 DB=cutoff35 RESULTS=1 NAME: waste_landfill, Search parameters: AND=['waste'] OR=['landfill', 'dumped', 'deposit'] NOT=None UNIT=cubic meter CODE=waste_landfill_cubicmeter
 DB=cutoff35 RESULTS=0 NAME: waste_composting, Search parameters: AND=['waste', 'composting'] OR=None NOT=None UNIT=cubic meter CODE=waste_composting_cubicmeter
 DB=cutoff35 RESULTS=2161 NAME: waste_total, Search parameters: AND=['waste'] OR=None NOT=None UNIT=cubic meter CODE=waste_total_cubicmeter
 DB=con35 RESULTS=2 NAME: waste_digestion, Search parameters: AND=['waste', 'digestion'] OR=None NOT=None UNIT=kilogram CODE=waste_digestion_kilogram
 DB=con35 RESULTS=581 NAME: waste_hazardous, Search parameters: AND=['waste'] OR=['hazardous', 'radioactive'] NOT=None UNIT=kilogram CODE=waste_hazardous_kilogram
 DB=con35 RESULTS=18740 NAME: waste_non-hazardous, Search parameters: AND=['waste'] OR=None NOT=['hazardous', 'radioactive'] UNIT=kilogram CODE=waste_non-hazardous_kilogram
 DB=con35 RESULTS=987 NAME: waste_incineration, Search parameters: AND=['waste', 'incineration'] OR=None NOT=None UNIT=kilogram CODE=waste_incineration_kilogram
 DB=con35 RESULTS=555 NAME: waste_open-burning, Search parameters: AND=['waste', 'burning'] OR=None NOT=None UNIT=kilogram CODE=waste_open-burning_kilogram
 DB=con35 RESULTS=54 NAME: waste_recycling, Search parameters: AND=['waste', 'recycling'] OR=None NOT=None UNIT=kilogram CODE=waste_recycling_kilogram
 DB=con35 RESULTS=899 NAME: waste_landfill, Search parameters: AND=['waste'] OR=['landfill', 'dumped', 'deposit'] NOT=None UNIT=kilogram CODE=waste_landfill_kilogram
 DB=con35 RESULTS=2 NAME: waste_composting, Search parameters: AND=['waste', 'composting'] OR=None NOT=None UNIT=kilogram CODE=waste_composting_kilogram
 DB=con35 RESULTS=19321 NAME: waste_total, Search parameters: AND=['waste'] OR=None NOT=None UNIT=kilogram CODE=waste_total_kilogram
 DB=con35 RESULTS=2 NAME: waste_digestion, Search parameters: AND=['waste', 'digestion'] OR=None NOT=None UNIT=cubic meter CODE=waste_digestion_cubicmeter
 DB=con35 RESULTS=275 NAME: waste_hazardous, Search parameters: AND=['waste'] OR=['hazardous', 'radioactive'] NOT=None UNIT=cubic meter CODE=waste_hazardous_cubicmeter
 DB=con35 RESULTS=1590 NAME: waste_non-hazardous, Search parameters: AND=['waste'] OR=None NOT=['hazardous', 'radioactive'] UNIT=cubic meter CODE=waste_non-hazardous_cubicmeter
 DB=con35 RESULTS=1 NAME: waste_incineration, Search parameters: AND=['waste', 'incineration'] OR=None NOT=None UNIT=cubic meter CODE=waste_incineration_cubicmeter
 DB=con35 RESULTS=0 NAME: waste_open-burning, Search parameters: AND=['waste', 'burning'] OR=None NOT=None UNIT=cubic meter CODE=waste_open-burning_cubicmeter
 DB=con35 RESULTS=0 NAME: waste_recycling, Search parameters: AND=['waste', 'recycling'] OR=None NOT=None UNIT=cubic meter CODE=waste_recycling_cubicmeter
 DB=con35 RESULTS=1 NAME: waste_landfill, Search parameters: AND=['waste'] OR=['landfill', 'dumped', 'deposit'] NOT=None UNIT=cubic meter CODE=waste_landfill_cubicmeter
 DB=con35 RESULTS=0 NAME: waste_composting, Search parameters: AND=['waste', 'composting'] OR=None NOT=None UNIT=cubic meter CODE=waste_composting_cubicmeter
 DB=con35 RESULTS=1865 NAME: waste_total, Search parameters: AND=['waste'] OR=None NOT=None UNIT=cubic meter CODE=waste_total_cubicmeter
 DB=con38 RESULTS=2 NAME: waste_digestion, Search parameters: AND=['waste', 'digestion'] OR=None NOT=None UNIT=kilogram CODE=waste_digestion_kilogram
 DB=con38 RESULTS=949 NAME: waste_hazardous, Search parameters: AND=['waste'] OR=['hazardous', 'radioactive'] NOT=None UNIT=kilogram CODE=waste_hazardous_kilogram
 DB=con38 RESULTS=21057 NAME: waste_non-hazardous, Search parameters: AND=['waste'] OR=None NOT=['hazardous', 'radioactive'] UNIT=kilogram CODE=waste_non-hazardous_kilogram
 DB=con38 RESULTS=1209 NAME: waste_incineration, Search parameters: AND=['waste', 'incineration'] OR=None NOT=None UNIT=kilogram CODE=waste_incineration_kilogram
 DB=con38 RESULTS=559 NAME: waste_open-burning, Search parameters: AND=['waste', 'burning'] OR=None NOT=None UNIT=kilogram CODE=waste_open-burning_kilogram
 DB=con38 RESULTS=54 NAME: waste_recycling, Search parameters: AND=['waste', 'recycling'] OR=None NOT=None UNIT=kilogram CODE=waste_recycling_kilogram
 DB=con38 RESULTS=1053 NAME: waste_landfill, Search parameters: AND=['waste'] OR=['landfill', 'dumped', 'deposit'] NOT=None UNIT=kilogram CODE=waste_landfill_kilogram
 DB=con38 RESULTS=8 NAME: waste_composting, Search parameters: AND=['waste', 'composting'] OR=None NOT=None UNIT=kilogram CODE=waste_composting_kilogram
 DB=con38 RESULTS=22006 NAME: waste_total, Search parameters: AND=['waste'] OR=None NOT=None UNIT=kilogram CODE=waste_total_kilogram
 DB=con38 RESULTS=2 NAME: waste_digestion, Search parameters: AND=['waste', 'digestion'] OR=None NOT=None UNIT=cubic meter CODE=waste_digestion_cubicmeter
 DB=con38 RESULTS=284 NAME: waste_hazardous, Search parameters: AND=['waste'] OR=['hazardous', 'radioactive'] NOT=None UNIT=cubic meter CODE=waste_hazardous_cubicmeter
 DB=con38 RESULTS=2075 NAME: waste_non-hazardous, Search parameters: AND=['waste'] OR=None NOT=['hazardous', 'radioactive'] UNIT=cubic meter CODE=waste_non-hazardous_cubicmeter
 DB=con38 RESULTS=1 NAME: waste_incineration, Search parameters: AND=['waste', 'incineration'] OR=None NOT=None UNIT=cubic meter CODE=waste_incineration_cubicmeter
 DB=con38 RESULTS=0 NAME: waste_open-burning, Search parameters: AND=['waste', 'burning'] OR=None NOT=None UNIT=cubic meter CODE=waste_open-burning_cubicmeter
 DB=con38 RESULTS=0 NAME: waste_recycling, Search parameters: AND=['waste', 'recycling'] OR=None NOT=None UNIT=cubic meter CODE=waste_recycling_cubicmeter
 DB=con38 RESULTS=1 NAME: waste_landfill, Search parameters: AND=['waste'] OR=['landfill', 'dumped', 'deposit'] NOT=None UNIT=cubic meter CODE=waste_landfill_cubicmeter
 DB=con38 RESULTS=0 NAME: waste_composting, Search parameters: AND=['waste', 'composting'] OR=None NOT=None UNIT=cubic meter CODE=waste_composting_cubicmeter
 DB=con38 RESULTS=2359 NAME: waste_total, Search parameters: AND=['waste'] OR=None NOT=None UNIT=cubic meter CODE=waste_total_cubicmeter
 DB=con39 RESULTS=2 NAME: waste_digestion, Search parameters: AND=['waste', 'digestion'] OR=None NOT=None UNIT=kilogram CODE=waste_digestion_kilogram
 DB=con39 RESULTS=1133 NAME: waste_hazardous, Search parameters: AND=['waste'] OR=['hazardous', 'radioactive'] NOT=None UNIT=kilogram CODE=waste_hazardous_kilogram
 DB=con39 RESULTS=22253 NAME: waste_non-hazardous, Search parameters: AND=['waste'] OR=None NOT=['hazardous', 'radioactive'] UNIT=kilogram CODE=waste_non-hazardous_kilogram
 DB=con39 RESULTS=1218 NAME: waste_incineration, Search parameters: AND=['waste', 'incineration'] OR=None NOT=None UNIT=kilogram CODE=waste_incineration_kilogram
 DB=con39 RESULTS=559 NAME: waste_open-burning, Search parameters: AND=['waste', 'burning'] OR=None NOT=None UNIT=kilogram CODE=waste_open-burning_kilogram
 DB=con39 RESULTS=57 NAME: waste_recycling, Search parameters: AND=['waste', 'recycling'] OR=None NOT=None UNIT=kilogram CODE=waste_recycling_kilogram
 DB=con39 RESULTS=1152 NAME: waste_landfill, Search parameters: AND=['waste'] OR=['landfill', 'dumped', 'deposit'] NOT=None UNIT=kilogram CODE=waste_landfill_kilogram
 DB=con39 RESULTS=8 NAME: waste_composting, Search parameters: AND=['waste', 'composting'] OR=None NOT=None UNIT=kilogram CODE=waste_composting_kilogram
 DB=con39 RESULTS=23386 NAME: waste_total, Search parameters: AND=['waste'] OR=None NOT=None UNIT=kilogram CODE=waste_total_kilogram
 DB=con39 RESULTS=2 NAME: waste_digestion, Search parameters: AND=['waste', 'digestion'] OR=None NOT=None UNIT=cubic meter CODE=waste_digestion_cubicmeter
 DB=con39 RESULTS=295 NAME: waste_hazardous, Search parameters: AND=['waste'] OR=['hazardous', 'radioactive'] NOT=None UNIT=cubic meter CODE=waste_hazardous_cubicmeter
 DB=con39 RESULTS=2763 NAME: waste_non-hazardous, Search parameters: AND=['waste'] OR=None NOT=['hazardous', 'radioactive'] UNIT=cubic meter CODE=waste_non-hazardous_cubicmeter
 DB=con39 RESULTS=1 NAME: waste_incineration, Search parameters: AND=['waste', 'incineration'] OR=None NOT=None UNIT=cubic meter CODE=waste_incineration_cubicmeter
 DB=con39 RESULTS=0 NAME: waste_open-burning, Search parameters: AND=['waste', 'burning'] OR=None NOT=None UNIT=cubic meter CODE=waste_open-burning_cubicmeter
 DB=con39 RESULTS=0 NAME: waste_recycling, Search parameters: AND=['waste', 'recycling'] OR=None NOT=None UNIT=cubic meter CODE=waste_recycling_cubicmeter
 DB=con39 RESULTS=1 NAME: waste_landfill, Search parameters: AND=['waste'] OR=['landfill', 'dumped', 'deposit'] NOT=None UNIT=cubic meter CODE=waste_landfill_cubicmeter
 DB=con39 RESULTS=0 NAME: waste_composting, Search parameters: AND=['waste', 'composting'] OR=None NOT=None UNIT=cubic meter CODE=waste_composting_cubicmeter
 DB=con39 RESULTS=3058 NAME: waste_total, Search parameters: AND=['waste'] OR=None NOT=None UNIT=cubic meter CODE=waste_total_cubicmeter
 DB=apos38 RESULTS=2 NAME: waste_digestion, Search parameters: AND=['waste', 'digestion'] OR=None NOT=None UNIT=kilogram CODE=waste_digestion_kilogram
 DB=apos38 RESULTS=2783 NAME: waste_hazardous, Search parameters: AND=['waste'] OR=['hazardous', 'radioactive'] NOT=None UNIT=kilogram CODE=waste_hazardous_kilogram
 DB=apos38 RESULTS=86539 NAME: waste_non-hazardous, Search parameters: AND=['waste'] OR=None NOT=['hazardous', 'radioactive'] UNIT=kilogram CODE=waste_non-hazardous_kilogram
 DB=apos38 RESULTS=2766 NAME: waste_incineration, Search parameters: AND=['waste', 'incineration'] OR=None NOT=None UNIT=kilogram CODE=waste_incineration_kilogram
 DB=apos38 RESULTS=555 NAME: waste_open-burning, Search parameters: AND=['waste', 'burning'] OR=None NOT=None UNIT=kilogram CODE=waste_open-burning_kilogram
 DB=apos38 RESULTS=268 NAME: waste_recycling, Search parameters: AND=['waste', 'recycling'] OR=None NOT=None UNIT=kilogram CODE=waste_recycling_kilogram
 DB=apos38 RESULTS=2135 NAME: waste_landfill, Search parameters: AND=['waste'] OR=['landfill', 'dumped', 'deposit'] NOT=None UNIT=kilogram CODE=waste_landfill_kilogram
 DB=apos38 RESULTS=4 NAME: waste_composting, Search parameters: AND=['waste', 'composting'] OR=None NOT=None UNIT=kilogram CODE=waste_composting_kilogram
 DB=apos38 RESULTS=89322 NAME: waste_total, Search parameters: AND=['waste'] OR=None NOT=None UNIT=kilogram CODE=waste_total_kilogram
 DB=apos38 RESULTS=0 NAME: waste_digestion, Search parameters: AND=['waste', 'digestion'] OR=None NOT=None UNIT=cubic meter CODE=waste_digestion_cubicmeter
 DB=apos38 RESULTS=687 NAME: waste_hazardous, Search parameters: AND=['waste'] OR=['hazardous', 'radioactive'] NOT=None UNIT=cubic meter CODE=waste_hazardous_cubicmeter
 DB=apos38 RESULTS=5629 NAME: waste_non-hazardous, Search parameters: AND=['waste'] OR=None NOT=['hazardous', 'radioactive'] UNIT=cubic meter CODE=waste_non-hazardous_cubicmeter
 DB=apos38 RESULTS=1 NAME: waste_incineration, Search parameters: AND=['waste', 'incineration'] OR=None NOT=None UNIT=cubic meter CODE=waste_incineration_cubicmeter
 DB=apos38 RESULTS=0 NAME: waste_open-burning, Search parameters: AND=['waste', 'burning'] OR=None NOT=None UNIT=cubic meter CODE=waste_open-burning_cubicmeter
 DB=apos38 RESULTS=0 NAME: waste_recycling, Search parameters: AND=['waste', 'recycling'] OR=None NOT=None UNIT=cubic meter CODE=waste_recycling_cubicmeter
 DB=apos38 RESULTS=1 NAME: waste_landfill, Search parameters: AND=['waste'] OR=['landfill', 'dumped', 'deposit'] NOT=None UNIT=cubic meter CODE=waste_landfill_cubicmeter
 DB=apos38 RESULTS=0 NAME: waste_composting, Search parameters: AND=['waste', 'composting'] OR=None NOT=None UNIT=cubic meter CODE=waste_composting_cubicmeter
 DB=apos38 RESULTS=6316 NAME: waste_total, Search parameters: AND=['waste'] OR=None NOT=None UNIT=cubic meter CODE=waste_total_cubicmeter
 DB=cutoff35 RESULTS=2 NAME: waste_digestion, Search parameters: AND=['waste', 'digestion'] OR=None NOT=None UNIT=kilogram CODE=waste_digestion_kilogram
 DB=cutoff35 RESULTS=695 NAME: waste_hazardous, Search parameters: AND=['waste'] OR=['hazardous', 'radioactive'] NOT=None UNIT=kilogram CODE=waste_hazardous_kilogram
 DB=cutoff35 RESULTS=21009 NAME: waste_non_hazardous, Search parameters: AND=['waste'] OR=None NOT=['hazardous', 'radioactive'] UNIT=kilogram CODE=waste_non_hazardous_kilogram
 DB=cutoff35 RESULTS=1038 NAME: waste_incineration, Search parameters: AND=['waste', 'incineration'] OR=None NOT=None UNIT=kilogram CODE=waste_incineration_kilogram
 DB=cutoff35 RESULTS=512 NAME: waste_open_burning, Search parameters: AND=['waste', 'burning'] OR=None NOT=None UNIT=kilogram CODE=waste_open_burning_kilogram
 DB=cutoff35 RESULTS=40 NAME: waste_recycling, Search parameters: AND=['waste', 'recycling'] OR=None NOT=None UNIT=kilogram CODE=waste_recycling_kilogram
 DB=cutoff35 RESULTS=885 NAME: waste_landfill, Search parameters: AND=['waste'] OR=['landfill', 'dumped', 'deposit'] NOT=None UNIT=kilogram CODE=waste_landfill_kilogram
 DB=cutoff35 RESULTS=2 NAME: waste_composting, Search parameters: AND=['waste', 'composting'] OR=None NOT=None UNIT=kilogram CODE=waste_composting_kilogram
 DB=cutoff35 RESULTS=21704 NAME: waste_total, Search parameters: AND=['waste'] OR=None NOT=None UNIT=kilogram CODE=waste_total_kilogram
 DB=cutoff35 RESULTS=2 NAME: waste_digestion, Search parameters: AND=['waste', 'digestion'] OR=None NOT=None UNIT=cubic meter CODE=waste_digestion_cubicmeter
 DB=cutoff35 RESULTS=237 NAME: waste_hazardous, Search parameters: AND=['waste'] OR=['hazardous', 'radioactive'] NOT=None UNIT=cubic meter CODE=waste_hazardous_cubicmeter
 DB=cutoff35 RESULTS=1924 NAME: waste_non_hazardous, Search parameters: AND=['waste'] OR=None NOT=['hazardous', 'radioactive'] UNIT=cubic meter CODE=waste_non_hazardous_cubicmeter
 DB=cutoff35 RESULTS=1 NAME: waste_incineration, Search parameters: AND=['waste', 'incineration'] OR=None NOT=None UNIT=cubic meter CODE=waste_incineration_cubicmeter
 DB=cutoff35 RESULTS=0 NAME: waste_open_burning, Search parameters: AND=['waste', 'burning'] OR=None NOT=None UNIT=cubic meter CODE=waste_open_burning_cubicmeter
 DB=cutoff35 RESULTS=0 NAME: waste_recycling, Search parameters: AND=['waste', 'recycling'] OR=None NOT=None UNIT=cubic meter CODE=waste_recycling_cubicmeter
 DB=cutoff35 RESULTS=1 NAME: waste_landfill, Search parameters: AND=['waste'] OR=['landfill', 'dumped', 'deposit'] NOT=None UNIT=cubic meter CODE=waste_landfill_cubicmeter
 DB=cutoff35 RESULTS=0 NAME: waste_composting, Search parameters: AND=['waste', 'composting'] OR=None NOT=None UNIT=cubic meter CODE=waste_composting_cubicmeter
 DB=cutoff35 RESULTS=2161 NAME: waste_total, Search parameters: AND=['waste'] OR=None NOT=None UNIT=cubic meter CODE=waste_total_cubicmeter
 DB=cutoff38 RESULTS=2 NAME: waste_digestion, Search parameters: AND=['waste', 'digestion'] OR=None NOT=None UNIT=kilogram CODE=waste_digestion_kilogram
 DB=cutoff38 RESULTS=1221 NAME: waste_hazardous, Search parameters: AND=['waste'] OR=['hazardous', 'radioactive'] NOT=None UNIT=kilogram CODE=waste_hazardous_kilogram
 DB=cutoff38 RESULTS=24080 NAME: waste_non_hazardous, Search parameters: AND=['waste'] OR=None NOT=['hazardous', 'radioactive'] UNIT=kilogram CODE=waste_non_hazardous_kilogram
 DB=cutoff38 RESULTS=1408 NAME: waste_incineration, Search parameters: AND=['waste', 'incineration'] OR=None NOT=None UNIT=kilogram CODE=waste_incineration_kilogram
 DB=cutoff38 RESULTS=516 NAME: waste_open_burning, Search parameters: AND=['waste', 'burning'] OR=None NOT=None UNIT=kilogram CODE=waste_open_burning_kilogram
 DB=cutoff38 RESULTS=42 NAME: waste_recycling, Search parameters: AND=['waste', 'recycling'] OR=None NOT=None UNIT=kilogram CODE=waste_recycling_kilogram
 DB=cutoff38 RESULTS=1132 NAME: waste_landfill, Search parameters: AND=['waste'] OR=['landfill', 'dumped', 'deposit'] NOT=None UNIT=kilogram CODE=waste_landfill_kilogram
 DB=cutoff38 RESULTS=8 NAME: waste_composting, Search parameters: AND=['waste', 'composting'] OR=None NOT=None UNIT=kilogram CODE=waste_composting_kilogram
 DB=cutoff38 RESULTS=25301 NAME: waste_total, Search parameters: AND=['waste'] OR=None NOT=None UNIT=kilogram CODE=waste_total_kilogram
 DB=cutoff38 RESULTS=2 NAME: waste_digestion, Search parameters: AND=['waste', 'digestion'] OR=None NOT=None UNIT=cubic meter CODE=waste_digestion_cubicmeter
 DB=cutoff38 RESULTS=278 NAME: waste_hazardous, Search parameters: AND=['waste'] OR=['hazardous', 'radioactive'] NOT=None UNIT=cubic meter CODE=waste_hazardous_cubicmeter
 DB=cutoff38 RESULTS=2585 NAME: waste_non_hazardous, Search parameters: AND=['waste'] OR=None NOT=['hazardous', 'radioactive'] UNIT=cubic meter CODE=waste_non_hazardous_cubicmeter
 DB=cutoff38 RESULTS=1 NAME: waste_incineration, Search parameters: AND=['waste', 'incineration'] OR=None NOT=None UNIT=cubic meter CODE=waste_incineration_cubicmeter
 DB=cutoff38 RESULTS=0 NAME: waste_open_burning, Search parameters: AND=['waste', 'burning'] OR=None NOT=None UNIT=cubic meter CODE=waste_open_burning_cubicmeter
 DB=cutoff38 RESULTS=0 NAME: waste_recycling, Search parameters: AND=['waste', 'recycling'] OR=None NOT=None UNIT=cubic meter CODE=waste_recycling_cubicmeter
 DB=cutoff38 RESULTS=1 NAME: waste_landfill, Search parameters: AND=['waste'] OR=['landfill', 'dumped', 'deposit'] NOT=None UNIT=cubic meter CODE=waste_landfill_cubicmeter
 DB=cutoff38 RESULTS=0 NAME: waste_composting, Search parameters: AND=['waste', 'composting'] OR=None NOT=None UNIT=cubic meter CODE=waste_composting_cubicmeter
 DB=cutoff38 RESULTS=2863 NAME: waste_total, Search parameters: AND=['waste'] OR=None NOT=None UNIT=cubic meter CODE=waste_total_cubicmeter
 DB=cutoff39 RESULTS=2 NAME: waste_digestion, Search parameters: AND=['waste', 'digestion'] OR=None NOT=None UNIT=kilogram CODE=waste_digestion_kilogram
 DB=cutoff39 RESULTS=1431 NAME: waste_hazardous, Search parameters: AND=['waste'] OR=['hazardous', 'radioactive'] NOT=None UNIT=kilogram CODE=waste_hazardous_kilogram
 DB=cutoff35 RESULTS=2 NAME: waste_digestion, Search parameters: AND=['waste', 'digestion'] OR=None NOT=None UNIT=kilogram CODE=waste_digestion_kilogram
 DB=cutoff35 RESULTS=695 NAME: waste_hazardous, Search parameters: AND=['waste'] OR=['hazardous', 'radioactive'] NOT=None UNIT=kilogram CODE=waste_hazardous_kilogram
 DB=cutoff35 RESULTS=21009 NAME: waste_non_hazardous, Search parameters: AND=['waste'] OR=None NOT=['hazardous', 'radioactive'] UNIT=kilogram CODE=waste_non_hazardous_kilogram
 DB=cutoff35 RESULTS=1038 NAME: waste_incineration, Search parameters: AND=['waste', 'incineration'] OR=None NOT=None UNIT=kilogram CODE=waste_incineration_kilogram
 DB=cutoff35 RESULTS=512 NAME: waste_open_burning, Search parameters: AND=['waste', 'burning'] OR=None NOT=None UNIT=kilogram CODE=waste_open_burning_kilogram
 DB=cutoff35 RESULTS=40 NAME: waste_recycling, Search parameters: AND=['waste', 'recycling'] OR=None NOT=None UNIT=kilogram CODE=waste_recycling_kilogram
 DB=cutoff35 RESULTS=885 NAME: waste_landfill, Search parameters: AND=['waste'] OR=['landfill', 'dumped', 'deposit'] NOT=None UNIT=kilogram CODE=waste_landfill_kilogram
 DB=cutoff35 RESULTS=2 NAME: waste_composting, Search parameters: AND=['waste', 'composting'] OR=None NOT=None UNIT=kilogram CODE=waste_composting_kilogram
 DB=cutoff35 RESULTS=21704 NAME: waste_total, Search parameters: AND=['waste'] OR=None NOT=None UNIT=kilogram CODE=waste_total_kilogram
 DB=cutoff35 RESULTS=0 NAME: waste_radioactive, Search parameters: AND=['waste', 'radioactive'] OR=None NOT=None UNIT=kilogram CODE=waste_radioactive_kilogram
 DB=cutoff35 RESULTS=2 NAME: waste_digestion, Search parameters: AND=['waste', 'digestion'] OR=None NOT=None UNIT=cubic meter CODE=waste_digestion_cubicmeter
 DB=cutoff35 RESULTS=237 NAME: waste_hazardous, Search parameters: AND=['waste'] OR=['hazardous', 'radioactive'] NOT=None UNIT=cubic meter CODE=waste_hazardous_cubicmeter
 DB=cutoff35 RESULTS=1924 NAME: waste_non_hazardous, Search parameters: AND=['waste'] OR=None NOT=['hazardous', 'radioactive'] UNIT=cubic meter CODE=waste_non_hazardous_cubicmeter
 DB=cutoff35 RESULTS=1 NAME: waste_incineration, Search parameters: AND=['waste', 'incineration'] OR=None NOT=None UNIT=cubic meter CODE=waste_incineration_cubicmeter
 DB=cutoff35 RESULTS=0 NAME: waste_open_burning, Search parameters: AND=['waste', 'burning'] OR=None NOT=None UNIT=cubic meter CODE=waste_open_burning_cubicmeter
 DB=cutoff35 RESULTS=0 NAME: waste_recycling, Search parameters: AND=['waste', 'recycling'] OR=None NOT=None UNIT=cubic meter CODE=waste_recycling_cubicmeter
 DB=cutoff35 RESULTS=1 NAME: waste_landfill, Search parameters: AND=['waste'] OR=['landfill', 'dumped', 'deposit'] NOT=None UNIT=cubic meter CODE=waste_landfill_cubicmeter
 DB=cutoff35 RESULTS=0 NAME: waste_composting, Search parameters: AND=['waste', 'composting'] OR=None NOT=None UNIT=cubic meter CODE=waste_composting_cubicmeter
 DB=cutoff35 RESULTS=2161 NAME: waste_total, Search parameters: AND=['waste'] OR=None NOT=None UNIT=cubic meter CODE=waste_total_cubicmeter
 DB=cutoff35 RESULTS=237 NAME: waste_radioactive, Search parameters: AND=['waste', 'radioactive'] OR=None NOT=None UNIT=cubic meter CODE=waste_radioactive_cubicmeter
 DB=cutoff38 RESULTS=2 NAME: waste_digestion, Search parameters: AND=['waste', 'digestion'] OR=None NOT=None UNIT=kilogram CODE=waste_digestion_kilogram
 DB=cutoff38 RESULTS=1221 NAME: waste_hazardous, Search parameters: AND=['waste'] OR=['hazardous', 'radioactive'] NOT=None UNIT=kilogram CODE=waste_hazardous_kilogram
 DB=cutoff38 RESULTS=24080 NAME: waste_non_hazardous, Search parameters: AND=['waste'] OR=None NOT=['hazardous', 'radioactive'] UNIT=kilogram CODE=waste_non_hazardous_kilogram
 DB=cutoff38 RESULTS=1408 NAME: waste_incineration, Search parameters: AND=['waste', 'incineration'] OR=None NOT=None UNIT=kilogram CODE=waste_incineration_kilogram
 DB=cutoff38 RESULTS=516 NAME: waste_open_burning, Search parameters: AND=['waste', 'burning'] OR=None NOT=None UNIT=kilogram CODE=waste_open_burning_kilogram
 DB=cutoff38 RESULTS=42 NAME: waste_recycling, Search parameters: AND=['waste', 'recycling'] OR=None NOT=None UNIT=kilogram CODE=waste_recycling_kilogram
 DB=cutoff38 RESULTS=1132 NAME: waste_landfill, Search parameters: AND=['waste'] OR=['landfill', 'dumped', 'deposit'] NOT=None UNIT=kilogram CODE=waste_landfill_kilogram
 DB=cutoff38 RESULTS=8 NAME: waste_composting, Search parameters: AND=['waste', 'composting'] OR=None NOT=None UNIT=kilogram CODE=waste_composting_kilogram
 DB=cutoff38 RESULTS=25301 NAME: waste_total, Search parameters: AND=['waste'] OR=None NOT=None UNIT=kilogram CODE=waste_total_kilogram
 DB=cutoff38 RESULTS=0 NAME: waste_radioactive, Search parameters: AND=['waste', 'radioactive'] OR=None NOT=None UNIT=kilogram CODE=waste_radioactive_kilogram
 DB=cutoff38 RESULTS=2 NAME: waste_digestion, Search parameters: AND=['waste', 'digestion'] OR=None NOT=None UNIT=cubic meter CODE=waste_digestion_cubicmeter
 DB=cutoff38 RESULTS=278 NAME: waste_hazardous, Search parameters: AND=['waste'] OR=['hazardous', 'radioactive'] NOT=None UNIT=cubic meter CODE=waste_hazardous_cubicmeter
 DB=cutoff38 RESULTS=2585 NAME: waste_non_hazardous, Search parameters: AND=['waste'] OR=None NOT=['hazardous', 'radioactive'] UNIT=cubic meter CODE=waste_non_hazardous_cubicmeter
 DB=cutoff38 RESULTS=1 NAME: waste_incineration, Search parameters: AND=['waste', 'incineration'] OR=None NOT=None UNIT=cubic meter CODE=waste_incineration_cubicmeter
 DB=cutoff38 RESULTS=0 NAME: waste_open_burning, Search parameters: AND=['waste', 'burning'] OR=None NOT=None UNIT=cubic meter CODE=waste_open_burning_cubicmeter
 DB=cutoff38 RESULTS=0 NAME: waste_recycling, Search parameters: AND=['waste', 'recycling'] OR=None NOT=None UNIT=cubic meter CODE=waste_recycling_cubicmeter
 DB=cutoff38 RESULTS=1 NAME: waste_landfill, Search parameters: AND=['waste'] OR=['landfill', 'dumped', 'deposit'] NOT=None UNIT=cubic meter CODE=waste_landfill_cubicmeter
 DB=cutoff38 RESULTS=0 NAME: waste_composting, Search parameters: AND=['waste', 'composting'] OR=None NOT=None UNIT=cubic meter CODE=waste_composting_cubicmeter
 DB=cutoff38 RESULTS=2863 NAME: waste_total, Search parameters: AND=['waste'] OR=None NOT=None UNIT=cubic meter CODE=waste_total_cubicmeter
 DB=cutoff38 RESULTS=278 NAME: waste_radioactive, Search parameters: AND=['waste', 'radioactive'] OR=None NOT=None UNIT=cubic meter CODE=waste_radioactive_cubicmeter
 DB=cutoff39 RESULTS=2 NAME: waste_digestion, Search parameters: AND=['waste', 'digestion'] OR=None NOT=None UNIT=kilogram CODE=waste_digestion_kilogram
 DB=cutoff39 RESULTS=1431 NAME: waste_hazardous, Search parameters: AND=['waste'] OR=['hazardous', 'radioactive'] NOT=None UNIT=kilogram CODE=waste_hazardous_kilogram
 DB=cutoff39 RESULTS=24977 NAME: waste_non_hazardous, Search parameters: AND=['waste'] OR=None NOT=['hazardous', 'radioactive'] UNIT=kilogram CODE=waste_non_hazardous_kilogram
 DB=cutoff39 RESULTS=1443 NAME: waste_incineration, Search parameters: AND=['waste', 'incineration'] OR=None NOT=None UNIT=kilogram CODE=waste_incineration_kilogram
 DB=cutoff39 RESULTS=516 NAME: waste_open_burning, Search parameters: AND=['waste', 'burning'] OR=None NOT=None UNIT=kilogram CODE=waste_open_burning_kilogram
 DB=cutoff39 RESULTS=42 NAME: waste_recycling, Search parameters: AND=['waste', 'recycling'] OR=None NOT=None UNIT=kilogram CODE=waste_recycling_kilogram
 DB=cutoff39 RESULTS=1251 NAME: waste_landfill, Search parameters: AND=['waste'] OR=['landfill', 'dumped', 'deposit'] NOT=None UNIT=kilogram CODE=waste_landfill_kilogram
 DB=cutoff39 RESULTS=8 NAME: waste_composting, Search parameters: AND=['waste', 'composting'] OR=None NOT=None UNIT=kilogram CODE=waste_composting_kilogram
 DB=cutoff39 RESULTS=26408 NAME: waste_total, Search parameters: AND=['waste'] OR=None NOT=None UNIT=kilogram CODE=waste_total_kilogram
 DB=cutoff39 RESULTS=0 NAME: waste_radioactive, Search parameters: AND=['waste', 'radioactive'] OR=None NOT=None UNIT=kilogram CODE=waste_radioactive_kilogram
 DB=cutoff39 RESULTS=2 NAME: waste_digestion, Search parameters: AND=['waste', 'digestion'] OR=None NOT=None UNIT=cubic meter CODE=waste_digestion_cubicmeter
 DB=cutoff39 RESULTS=277 NAME: waste_hazardous, Search parameters: AND=['waste'] OR=['hazardous', 'radioactive'] NOT=None UNIT=cubic meter CODE=waste_hazardous_cubicmeter
 DB=cutoff39 RESULTS=3421 NAME: waste_non_hazardous, Search parameters: AND=['waste'] OR=None NOT=['hazardous', 'radioactive'] UNIT=cubic meter CODE=waste_non_hazardous_cubicmeter
 DB=cutoff39 RESULTS=1 NAME: waste_incineration, Search parameters: AND=['waste', 'incineration'] OR=None NOT=None UNIT=cubic meter CODE=waste_incineration_cubicmeter
 DB=cutoff39 RESULTS=0 NAME: waste_open_burning, Search parameters: AND=['waste', 'burning'] OR=None NOT=None UNIT=cubic meter CODE=waste_open_burning_cubicmeter
 DB=cutoff39 RESULTS=0 NAME: waste_recycling, Search parameters: AND=['waste', 'recycling'] OR=None NOT=None UNIT=cubic meter CODE=waste_recycling_cubicmeter
 DB=cutoff39 RESULTS=1 NAME: waste_landfill, Search parameters: AND=['waste'] OR=['landfill', 'dumped', 'deposit'] NOT=None UNIT=cubic meter CODE=waste_landfill_cubicmeter
 DB=cutoff39 RESULTS=0 NAME: waste_composting, Search parameters: AND=['waste', 'composting'] OR=None NOT=None UNIT=cubic meter CODE=waste_composting_cubicmeter
 DB=cutoff39 RESULTS=3698 NAME: waste_total, Search parameters: AND=['waste'] OR=None NOT=None UNIT=cubic meter CODE=waste_total_cubicmeter
 DB=cutoff39 RESULTS=277 NAME: waste_radioactive, Search parameters: AND=['waste', 'radioactive'] OR=None NOT=None UNIT=cubic meter CODE=waste_radioactive_cubicmeter
 DB=con35 RESULTS=2 NAME: waste_digestion, Search parameters: AND=['waste', 'digestion'] OR=None NOT=None UNIT=kilogram CODE=waste_digestion_kilogram
 DB=con35 RESULTS=581 NAME: waste_hazardous, Search parameters: AND=['waste'] OR=['hazardous', 'radioactive'] NOT=None UNIT=kilogram CODE=waste_hazardous_kilogram
 DB=con35 RESULTS=18740 NAME: waste_non_hazardous, Search parameters: AND=['waste'] OR=None NOT=['hazardous', 'radioactive'] UNIT=kilogram CODE=waste_non_hazardous_kilogram
 DB=con35 RESULTS=987 NAME: waste_incineration, Search parameters: AND=['waste', 'incineration'] OR=None NOT=None UNIT=kilogram CODE=waste_incineration_kilogram
 DB=con35 RESULTS=555 NAME: waste_open_burning, Search parameters: AND=['waste', 'burning'] OR=None NOT=None UNIT=kilogram CODE=waste_open_burning_kilogram
 DB=con35 RESULTS=54 NAME: waste_recycling, Search parameters: AND=['waste', 'recycling'] OR=None NOT=None UNIT=kilogram CODE=waste_recycling_kilogram
 DB=con35 RESULTS=899 NAME: waste_landfill, Search parameters: AND=['waste'] OR=['landfill', 'dumped', 'deposit'] NOT=None UNIT=kilogram CODE=waste_landfill_kilogram
 DB=con35 RESULTS=2 NAME: waste_composting, Search parameters: AND=['waste', 'composting'] OR=None NOT=None UNIT=kilogram CODE=waste_composting_kilogram
 DB=con35 RESULTS=19321 NAME: waste_total, Search parameters: AND=['waste'] OR=None NOT=None UNIT=kilogram CODE=waste_total_kilogram
 DB=con35 RESULTS=0 NAME: waste_radioactive, Search parameters: AND=['waste', 'radioactive'] OR=None NOT=None UNIT=kilogram CODE=waste_radioactive_kilogram
 DB=con35 RESULTS=2 NAME: waste_digestion, Search parameters: AND=['waste', 'digestion'] OR=None NOT=None UNIT=cubic meter CODE=waste_digestion_cubicmeter
 DB=con35 RESULTS=275 NAME: waste_hazardous, Search parameters: AND=['waste'] OR=['hazardous', 'radioactive'] NOT=None UNIT=cubic meter CODE=waste_hazardous_cubicmeter
 DB=con35 RESULTS=1590 NAME: waste_non_hazardous, Search parameters: AND=['waste'] OR=None NOT=['hazardous', 'radioactive'] UNIT=cubic meter CODE=waste_non_hazardous_cubicmeter
 DB=con35 RESULTS=1 NAME: waste_incineration, Search parameters: AND=['waste', 'incineration'] OR=None NOT=None UNIT=cubic meter CODE=waste_incineration_cubicmeter
 DB=con35 RESULTS=0 NAME: waste_open_burning, Search parameters: AND=['waste', 'burning'] OR=None NOT=None UNIT=cubic meter CODE=waste_open_burning_cubicmeter
 DB=con35 RESULTS=0 NAME: waste_recycling, Search parameters: AND=['waste', 'recycling'] OR=None NOT=None UNIT=cubic meter CODE=waste_recycling_cubicmeter
 DB=con35 RESULTS=1 NAME: waste_landfill, Search parameters: AND=['waste'] OR=['landfill', 'dumped', 'deposit'] NOT=None UNIT=cubic meter CODE=waste_landfill_cubicmeter
 DB=con35 RESULTS=0 NAME: waste_composting, Search parameters: AND=['waste', 'composting'] OR=None NOT=None UNIT=cubic meter CODE=waste_composting_cubicmeter
 DB=con35 RESULTS=1865 NAME: waste_total, Search parameters: AND=['waste'] OR=None NOT=None UNIT=cubic meter CODE=waste_total_cubicmeter
 DB=con35 RESULTS=275 NAME: waste_radioactive, Search parameters: AND=['waste', 'radioactive'] OR=None NOT=None UNIT=cubic meter CODE=waste_radioactive_cubicmeter
 DB=con38 RESULTS=2 NAME: waste_digestion, Search parameters: AND=['waste', 'digestion'] OR=None NOT=None UNIT=kilogram CODE=waste_digestion_kilogram
 DB=con38 RESULTS=949 NAME: waste_hazardous, Search parameters: AND=['waste'] OR=['hazardous', 'radioactive'] NOT=None UNIT=kilogram CODE=waste_hazardous_kilogram
 DB=con38 RESULTS=21057 NAME: waste_non_hazardous, Search parameters: AND=['waste'] OR=None NOT=['hazardous', 'radioactive'] UNIT=kilogram CODE=waste_non_hazardous_kilogram
 DB=con38 RESULTS=1209 NAME: waste_incineration, Search parameters: AND=['waste', 'incineration'] OR=None NOT=None UNIT=kilogram CODE=waste_incineration_kilogram
 DB=con38 RESULTS=559 NAME: waste_open_burning, Search parameters: AND=['waste', 'burning'] OR=None NOT=None UNIT=kilogram CODE=waste_open_burning_kilogram
 DB=con38 RESULTS=54 NAME: waste_recycling, Search parameters: AND=['waste', 'recycling'] OR=None NOT=None UNIT=kilogram CODE=waste_recycling_kilogram
 DB=con38 RESULTS=1053 NAME: waste_landfill, Search parameters: AND=['waste'] OR=['landfill', 'dumped', 'deposit'] NOT=None UNIT=kilogram CODE=waste_landfill_kilogram
 DB=con38 RESULTS=8 NAME: waste_composting, Search parameters: AND=['waste', 'composting'] OR=None NOT=None UNIT=kilogram CODE=waste_composting_kilogram
 DB=con38 RESULTS=22006 NAME: waste_total, Search parameters: AND=['waste'] OR=None NOT=None UNIT=kilogram CODE=waste_total_kilogram
 DB=con38 RESULTS=0 NAME: waste_radioactive, Search parameters: AND=['waste', 'radioactive'] OR=None NOT=None UNIT=kilogram CODE=waste_radioactive_kilogram
 DB=con38 RESULTS=2 NAME: waste_digestion, Search parameters: AND=['waste', 'digestion'] OR=None NOT=None UNIT=cubic meter CODE=waste_digestion_cubicmeter
 DB=con38 RESULTS=284 NAME: waste_hazardous, Search parameters: AND=['waste'] OR=['hazardous', 'radioactive'] NOT=None UNIT=cubic meter CODE=waste_hazardous_cubicmeter
 DB=con38 RESULTS=2075 NAME: waste_non_hazardous, Search parameters: AND=['waste'] OR=None NOT=['hazardous', 'radioactive'] UNIT=cubic meter CODE=waste_non_hazardous_cubicmeter
 DB=con38 RESULTS=1 NAME: waste_incineration, Search parameters: AND=['waste', 'incineration'] OR=None NOT=None UNIT=cubic meter CODE=waste_incineration_cubicmeter
 DB=con38 RESULTS=0 NAME: waste_open_burning, Search parameters: AND=['waste', 'burning'] OR=None NOT=None UNIT=cubic meter CODE=waste_open_burning_cubicmeter
 DB=con38 RESULTS=0 NAME: waste_recycling, Search parameters: AND=['waste', 'recycling'] OR=None NOT=None UNIT=cubic meter CODE=waste_recycling_cubicmeter
 DB=con38 RESULTS=1 NAME: waste_landfill, Search parameters: AND=['waste'] OR=['landfill', 'dumped', 'deposit'] NOT=None UNIT=cubic meter CODE=waste_landfill_cubicmeter
 DB=con38 RESULTS=0 NAME: waste_composting, Search parameters: AND=['waste', 'composting'] OR=None NOT=None UNIT=cubic meter CODE=waste_composting_cubicmeter
 DB=con38 RESULTS=2359 NAME: waste_total, Search parameters: AND=['waste'] OR=None NOT=None UNIT=cubic meter CODE=waste_total_cubicmeter
 DB=con38 RESULTS=284 NAME: waste_radioactive, Search parameters: AND=['waste', 'radioactive'] OR=None NOT=None UNIT=cubic meter CODE=waste_radioactive_cubicmeter
 DB=con39 RESULTS=2 NAME: waste_digestion, Search parameters: AND=['waste', 'digestion'] OR=None NOT=None UNIT=kilogram CODE=waste_digestion_kilogram
 DB=con39 RESULTS=1133 NAME: waste_hazardous, Search parameters: AND=['waste'] OR=['hazardous', 'radioactive'] NOT=None UNIT=kilogram CODE=waste_hazardous_kilogram
 DB=con39 RESULTS=22253 NAME: waste_non_hazardous, Search parameters: AND=['waste'] OR=None NOT=['hazardous', 'radioactive'] UNIT=kilogram CODE=waste_non_hazardous_kilogram
 DB=con39 RESULTS=1218 NAME: waste_incineration, Search parameters: AND=['waste', 'incineration'] OR=None NOT=None UNIT=kilogram CODE=waste_incineration_kilogram
 DB=con39 RESULTS=559 NAME: waste_open_burning, Search parameters: AND=['waste', 'burning'] OR=None NOT=None UNIT=kilogram CODE=waste_open_burning_kilogram
 DB=con39 RESULTS=57 NAME: waste_recycling, Search parameters: AND=['waste', 'recycling'] OR=None NOT=None UNIT=kilogram CODE=waste_recycling_kilogram
 DB=con39 RESULTS=1152 NAME: waste_landfill, Search parameters: AND=['waste'] OR=['landfill', 'dumped', 'deposit'] NOT=None UNIT=kilogram CODE=waste_landfill_kilogram
 DB=con39 RESULTS=8 NAME: waste_composting, Search parameters: AND=['waste', 'composting'] OR=None NOT=None UNIT=kilogram CODE=waste_composting_kilogram
 DB=con39 RESULTS=23386 NAME: waste_total, Search parameters: AND=['waste'] OR=None NOT=None UNIT=kilogram CODE=waste_total_kilogram
 DB=con39 RESULTS=0 NAME: waste_radioactive, Search parameters: AND=['waste', 'radioactive'] OR=None NOT=None UNIT=kilogram CODE=waste_radioactive_kilogram
 DB=con39 RESULTS=2 NAME: waste_digestion, Search parameters: AND=['waste', 'digestion'] OR=None NOT=None UNIT=cubic meter CODE=waste_digestion_cubicmeter
 DB=con39 RESULTS=295 NAME: waste_hazardous, Search parameters: AND=['waste'] OR=['hazardous', 'radioactive'] NOT=None UNIT=cubic meter CODE=waste_hazardous_cubicmeter
 DB=con39 RESULTS=2763 NAME: waste_non_hazardous, Search parameters: AND=['waste'] OR=None NOT=['hazardous', 'radioactive'] UNIT=cubic meter CODE=waste_non_hazardous_cubicmeter
 DB=con39 RESULTS=1 NAME: waste_incineration, Search parameters: AND=['waste', 'incineration'] OR=None NOT=None UNIT=cubic meter CODE=waste_incineration_cubicmeter
 DB=con39 RESULTS=0 NAME: waste_open_burning, Search parameters: AND=['waste', 'burning'] OR=None NOT=None UNIT=cubic meter CODE=waste_open_burning_cubicmeter
 DB=con39 RESULTS=0 NAME: waste_recycling, Search parameters: AND=['waste', 'recycling'] OR=None NOT=None UNIT=cubic meter CODE=waste_recycling_cubicmeter
 DB=con39 RESULTS=1 NAME: waste_landfill, Search parameters: AND=['waste'] OR=['landfill', 'dumped', 'deposit'] NOT=None UNIT=cubic meter CODE=waste_landfill_cubicmeter
 DB=con39 RESULTS=0 NAME: waste_composting, Search parameters: AND=['waste', 'composting'] OR=None NOT=None UNIT=cubic meter CODE=waste_composting_cubicmeter
 DB=con39 RESULTS=3058 NAME: waste_total, Search parameters: AND=['waste'] OR=None NOT=None UNIT=cubic meter CODE=waste_total_cubicmeter
 DB=con39 RESULTS=295 NAME: waste_radioactive, Search parameters: AND=['waste', 'radioactive'] OR=None NOT=None UNIT=cubic meter CODE=waste_radioactive_cubicmeter
 DB=apos35 RESULTS=2 NAME: waste_digestion, Search parameters: AND=['waste', 'digestion'] OR=None NOT=None UNIT=kilogram CODE=waste_digestion_kilogram
 DB=apos35 RESULTS=1583 NAME: waste_hazardous, Search parameters: AND=['waste'] OR=['hazardous', 'radioactive'] NOT=None UNIT=kilogram CODE=waste_hazardous_kilogram
 DB=apos35 RESULTS=72662 NAME: waste_non_hazardous, Search parameters: AND=['waste'] OR=None NOT=['hazardous', 'radioactive'] UNIT=kilogram CODE=waste_non_hazardous_kilogram
 DB=apos35 RESULTS=1810 NAME: waste_incineration, Search parameters: AND=['waste', 'incineration'] OR=None NOT=None UNIT=kilogram CODE=waste_incineration_kilogram
 DB=apos35 RESULTS=555 NAME: waste_open_burning, Search parameters: AND=['waste', 'burning'] OR=None NOT=None UNIT=kilogram CODE=waste_open_burning_kilogram
 DB=apos35 RESULTS=200 NAME: waste_recycling, Search parameters: AND=['waste', 'recycling'] OR=None NOT=None UNIT=kilogram CODE=waste_recycling_kilogram
 DB=apos35 RESULTS=1444 NAME: waste_landfill, Search parameters: AND=['waste'] OR=['landfill', 'dumped', 'deposit'] NOT=None UNIT=kilogram CODE=waste_landfill_kilogram
 DB=apos35 RESULTS=2 NAME: waste_composting, Search parameters: AND=['waste', 'composting'] OR=None NOT=None UNIT=kilogram CODE=waste_composting_kilogram
 DB=apos35 RESULTS=74245 NAME: waste_total, Search parameters: AND=['waste'] OR=None NOT=None UNIT=kilogram CODE=waste_total_kilogram
 DB=apos35 RESULTS=0 NAME: waste_radioactive, Search parameters: AND=['waste', 'radioactive'] OR=None NOT=None UNIT=kilogram CODE=waste_radioactive_kilogram
 DB=apos35 RESULTS=0 NAME: waste_digestion, Search parameters: AND=['waste', 'digestion'] OR=None NOT=None UNIT=cubic meter CODE=waste_digestion_cubicmeter
 DB=apos35 RESULTS=565 NAME: waste_hazardous, Search parameters: AND=['waste'] OR=['hazardous', 'radioactive'] NOT=None UNIT=cubic meter CODE=waste_hazardous_cubicmeter
 DB=apos35 RESULTS=4081 NAME: waste_non_hazardous, Search parameters: AND=['waste'] OR=None NOT=['hazardous', 'radioactive'] UNIT=cubic meter CODE=waste_non_hazardous_cubicmeter
 DB=apos35 RESULTS=1 NAME: waste_incineration, Search parameters: AND=['waste', 'incineration'] OR=None NOT=None UNIT=cubic meter CODE=waste_incineration_cubicmeter
 DB=apos35 RESULTS=0 NAME: waste_open_burning, Search parameters: AND=['waste', 'burning'] OR=None NOT=None UNIT=cubic meter CODE=waste_open_burning_cubicmeter
 DB=apos35 RESULTS=0 NAME: waste_recycling, Search parameters: AND=['waste', 'recycling'] OR=None NOT=None UNIT=cubic meter CODE=waste_recycling_cubicmeter
 DB=apos35 RESULTS=1 NAME: waste_landfill, Search parameters: AND=['waste'] OR=['landfill', 'dumped', 'deposit'] NOT=None UNIT=cubic meter CODE=waste_landfill_cubicmeter
 DB=apos35 RESULTS=0 NAME: waste_composting, Search parameters: AND=['waste', 'composting'] OR=None NOT=None UNIT=cubic meter CODE=waste_composting_cubicmeter
 DB=apos35 RESULTS=4646 NAME: waste_total, Search parameters: AND=['waste'] OR=None NOT=None UNIT=cubic meter CODE=waste_total_cubicmeter
 DB=apos35 RESULTS=565 NAME: waste_radioactive, Search parameters: AND=['waste', 'radioactive'] OR=None NOT=None UNIT=cubic meter CODE=waste_radioactive_cubicmeter
 DB=apos38 RESULTS=2 NAME: waste_digestion, Search parameters: AND=['waste', 'digestion'] OR=None NOT=None UNIT=kilogram CODE=waste_digestion_kilogram
 DB=apos38 RESULTS=2783 NAME: waste_hazardous, Search parameters: AND=['waste'] OR=['hazardous', 'radioactive'] NOT=None UNIT=kilogram CODE=waste_hazardous_kilogram
 DB=apos38 RESULTS=86539 NAME: waste_non_hazardous, Search parameters: AND=['waste'] OR=None NOT=['hazardous', 'radioactive'] UNIT=kilogram CODE=waste_non_hazardous_kilogram
 DB=apos38 RESULTS=2766 NAME: waste_incineration, Search parameters: AND=['waste', 'incineration'] OR=None NOT=None UNIT=kilogram CODE=waste_incineration_kilogram
 DB=apos38 RESULTS=555 NAME: waste_open_burning, Search parameters: AND=['waste', 'burning'] OR=None NOT=None UNIT=kilogram CODE=waste_open_burning_kilogram
 DB=apos38 RESULTS=268 NAME: waste_recycling, Search parameters: AND=['waste', 'recycling'] OR=None NOT=None UNIT=kilogram CODE=waste_recycling_kilogram
 DB=apos38 RESULTS=2135 NAME: waste_landfill, Search parameters: AND=['waste'] OR=['landfill', 'dumped', 'deposit'] NOT=None UNIT=kilogram CODE=waste_landfill_kilogram
 DB=apos38 RESULTS=4 NAME: waste_composting, Search parameters: AND=['waste', 'composting'] OR=None NOT=None UNIT=kilogram CODE=waste_composting_kilogram
 DB=apos38 RESULTS=89322 NAME: waste_total, Search parameters: AND=['waste'] OR=None NOT=None UNIT=kilogram CODE=waste_total_kilogram
 DB=apos38 RESULTS=0 NAME: waste_radioactive, Search parameters: AND=['waste', 'radioactive'] OR=None NOT=None UNIT=kilogram CODE=waste_radioactive_kilogram
 DB=apos38 RESULTS=0 NAME: waste_digestion, Search parameters: AND=['waste', 'digestion'] OR=None NOT=None UNIT=cubic meter CODE=waste_digestion_cubicmeter
 DB=apos38 RESULTS=687 NAME: waste_hazardous, Search parameters: AND=['waste'] OR=['hazardous', 'radioactive'] NOT=None UNIT=cubic meter CODE=waste_hazardous_cubicmeter
 DB=apos38 RESULTS=5629 NAME: waste_non_hazardous, Search parameters: AND=['waste'] OR=None NOT=['hazardous', 'radioactive'] UNIT=cubic meter CODE=waste_non_hazardous_cubicmeter
 DB=apos38 RESULTS=1 NAME: waste_incineration, Search parameters: AND=['waste', 'incineration'] OR=None NOT=None UNIT=cubic meter CODE=waste_incineration_cubicmeter
 DB=apos38 RESULTS=0 NAME: waste_open_burning, Search parameters: AND=['waste', 'burning'] OR=None NOT=None UNIT=cubic meter CODE=waste_open_burning_cubicmeter
 DB=apos38 RESULTS=0 NAME: waste_recycling, Search parameters: AND=['waste', 'recycling'] OR=None NOT=None UNIT=cubic meter CODE=waste_recycling_cubicmeter
 DB=apos38 RESULTS=1 NAME: waste_landfill, Search parameters: AND=['waste'] OR=['landfill', 'dumped', 'deposit'] NOT=None UNIT=cubic meter CODE=waste_landfill_cubicmeter
 DB=apos38 RESULTS=0 NAME: waste_composting, Search parameters: AND=['waste', 'composting'] OR=None NOT=None UNIT=cubic meter CODE=waste_composting_cubicmeter
 DB=apos38 RESULTS=6316 NAME: waste_total, Search parameters: AND=['waste'] OR=None NOT=None UNIT=cubic meter CODE=waste_total_cubicmeter
 DB=apos38 RESULTS=687 NAME: waste_radioactive, Search parameters: AND=['waste', 'radioactive'] OR=None NOT=None UNIT=cubic meter CODE=waste_radioactive_cubicmeter
 DB=cutoff35 RESULTS=2 NAME: waste_digestion, Search parameters: AND=['waste', 'digestion'] OR=None NOT=None UNIT=kilogram CODE=waste_digestion_kilogram
 DB=cutoff35 RESULTS=695 NAME: waste_hazardous, Search parameters: AND=['waste'] OR=['hazardous', 'radioactive'] NOT=None UNIT=kilogram CODE=waste_hazardous_kilogram
 DB=cutoff35 RESULTS=21009 NAME: waste_non_hazardous, Search parameters: AND=['waste'] OR=None NOT=['hazardous', 'radioactive'] UNIT=kilogram CODE=waste_non_hazardous_kilogram
 DB=cutoff35 RESULTS=1038 NAME: waste_incineration, Search parameters: AND=['waste', 'incineration'] OR=None NOT=None UNIT=kilogram CODE=waste_incineration_kilogram
 DB=cutoff35 RESULTS=512 NAME: waste_open_burning, Search parameters: AND=['waste', 'burning'] OR=None NOT=None UNIT=kilogram CODE=waste_open_burning_kilogram
 DB=cutoff35 RESULTS=40 NAME: waste_recycling, Search parameters: AND=['waste', 'recycling'] OR=None NOT=None UNIT=kilogram CODE=waste_recycling_kilogram
 DB=cutoff35 RESULTS=885 NAME: waste_landfill, Search parameters: AND=['waste'] OR=['landfill', 'dumped', 'deposit'] NOT=None UNIT=kilogram CODE=waste_landfill_kilogram
 DB=cutoff35 RESULTS=2 NAME: waste_composting, Search parameters: AND=['waste', 'composting'] OR=None NOT=None UNIT=kilogram CODE=waste_composting_kilogram
 DB=cutoff35 RESULTS=21704 NAME: waste_total, Search parameters: AND=['waste'] OR=None NOT=None UNIT=kilogram CODE=waste_total_kilogram
 DB=cutoff35 RESULTS=0 NAME: waste_radioactive, Search parameters: AND=['waste', 'radioactive'] OR=None NOT=None UNIT=kilogram CODE=waste_radioactive_kilogram
 DB=cutoff35 RESULTS=2 NAME: waste_digestion, Search parameters: AND=['waste', 'digestion'] OR=None NOT=None UNIT=cubic meter CODE=waste_digestion_cubicmeter
 DB=cutoff35 RESULTS=237 NAME: waste_hazardous, Search parameters: AND=['waste'] OR=['hazardous', 'radioactive'] NOT=None UNIT=cubic meter CODE=waste_hazardous_cubicmeter
 DB=cutoff35 RESULTS=1924 NAME: waste_non_hazardous, Search parameters: AND=['waste'] OR=None NOT=['hazardous', 'radioactive'] UNIT=cubic meter CODE=waste_non_hazardous_cubicmeter
 DB=cutoff35 RESULTS=1 NAME: waste_incineration, Search parameters: AND=['waste', 'incineration'] OR=None NOT=None UNIT=cubic meter CODE=waste_incineration_cubicmeter
 DB=cutoff35 RESULTS=0 NAME: waste_open_burning, Search parameters: AND=['waste', 'burning'] OR=None NOT=None UNIT=cubic meter CODE=waste_open_burning_cubicmeter
 DB=cutoff35 RESULTS=0 NAME: waste_recycling, Search parameters: AND=['waste', 'recycling'] OR=None NOT=None UNIT=cubic meter CODE=waste_recycling_cubicmeter
 DB=cutoff35 RESULTS=1 NAME: waste_landfill, Search parameters: AND=['waste'] OR=['landfill', 'dumped', 'deposit'] NOT=None UNIT=cubic meter CODE=waste_landfill_cubicmeter
 DB=cutoff35 RESULTS=0 NAME: waste_composting, Search parameters: AND=['waste', 'composting'] OR=None NOT=None UNIT=cubic meter CODE=waste_composting_cubicmeter
 DB=cutoff35 RESULTS=2161 NAME: waste_total, Search parameters: AND=['waste'] OR=None NOT=None UNIT=cubic meter CODE=waste_total_cubicmeter
 DB=cutoff35 RESULTS=237 NAME: waste_radioactive, Search parameters: AND=['waste', 'radioactive'] OR=None NOT=None UNIT=cubic meter CODE=waste_radioactive_cubicmeter
 DB=cutoff38 RESULTS=2 NAME: waste_digestion, Search parameters: AND=['waste', 'digestion'] OR=None NOT=None UNIT=kilogram CODE=waste_digestion_kilogram
 DB=cutoff38 RESULTS=1221 NAME: waste_hazardous, Search parameters: AND=['waste'] OR=['hazardous', 'radioactive'] NOT=None UNIT=kilogram CODE=waste_hazardous_kilogram
 DB=cutoff38 RESULTS=24080 NAME: waste_non_hazardous, Search parameters: AND=['waste'] OR=None NOT=['hazardous', 'radioactive'] UNIT=kilogram CODE=waste_non_hazardous_kilogram
 DB=cutoff38 RESULTS=1408 NAME: waste_incineration, Search parameters: AND=['waste', 'incineration'] OR=None NOT=None UNIT=kilogram CODE=waste_incineration_kilogram
 DB=cutoff38 RESULTS=516 NAME: waste_open_burning, Search parameters: AND=['waste', 'burning'] OR=None NOT=None UNIT=kilogram CODE=waste_open_burning_kilogram
 DB=cutoff38 RESULTS=42 NAME: waste_recycling, Search parameters: AND=['waste', 'recycling'] OR=None NOT=None UNIT=kilogram CODE=waste_recycling_kilogram
 DB=cutoff38 RESULTS=1132 NAME: waste_landfill, Search parameters: AND=['waste'] OR=['landfill', 'dumped', 'deposit'] NOT=None UNIT=kilogram CODE=waste_landfill_kilogram
 DB=cutoff38 RESULTS=8 NAME: waste_composting, Search parameters: AND=['waste', 'composting'] OR=None NOT=None UNIT=kilogram CODE=waste_composting_kilogram
 DB=cutoff38 RESULTS=25301 NAME: waste_total, Search parameters: AND=['waste'] OR=None NOT=None UNIT=kilogram CODE=waste_total_kilogram
 DB=cutoff38 RESULTS=0 NAME: waste_radioactive, Search parameters: AND=['waste', 'radioactive'] OR=None NOT=None UNIT=kilogram CODE=waste_radioactive_kilogram
 DB=cutoff38 RESULTS=2 NAME: waste_digestion, Search parameters: AND=['waste', 'digestion'] OR=None NOT=None UNIT=cubic meter CODE=waste_digestion_cubicmeter
 DB=cutoff38 RESULTS=278 NAME: waste_hazardous, Search parameters: AND=['waste'] OR=['hazardous', 'radioactive'] NOT=None UNIT=cubic meter CODE=waste_hazardous_cubicmeter
 DB=cutoff38 RESULTS=2585 NAME: waste_non_hazardous, Search parameters: AND=['waste'] OR=None NOT=['hazardous', 'radioactive'] UNIT=cubic meter CODE=waste_non_hazardous_cubicmeter
 DB=cutoff38 RESULTS=1 NAME: waste_incineration, Search parameters: AND=['waste', 'incineration'] OR=None NOT=None UNIT=cubic meter CODE=waste_incineration_cubicmeter
 DB=cutoff38 RESULTS=0 NAME: waste_open_burning, Search parameters: AND=['waste', 'burning'] OR=None NOT=None UNIT=cubic meter CODE=waste_open_burning_cubicmeter
 DB=cutoff38 RESULTS=0 NAME: waste_recycling, Search parameters: AND=['waste', 'recycling'] OR=None NOT=None UNIT=cubic meter CODE=waste_recycling_cubicmeter
 DB=cutoff38 RESULTS=1 NAME: waste_landfill, Search parameters: AND=['waste'] OR=['landfill', 'dumped', 'deposit'] NOT=None UNIT=cubic meter CODE=waste_landfill_cubicmeter
 DB=cutoff38 RESULTS=0 NAME: waste_composting, Search parameters: AND=['waste', 'composting'] OR=None NOT=None UNIT=cubic meter CODE=waste_composting_cubicmeter
 DB=cutoff38 RESULTS=2863 NAME: waste_total, Search parameters: AND=['waste'] OR=None NOT=None UNIT=cubic meter CODE=waste_total_cubicmeter
 DB=cutoff38 RESULTS=278 NAME: waste_radioactive, Search parameters: AND=['waste', 'radioactive'] OR=None NOT=None UNIT=cubic meter CODE=waste_radioactive_cubicmeter
 DB=cutoff39 RESULTS=2 NAME: waste_digestion, Search parameters: AND=['waste', 'digestion'] OR=None NOT=None UNIT=kilogram CODE=waste_digestion_kilogram
 DB=cutoff39 RESULTS=1431 NAME: waste_hazardous, Search parameters: AND=['waste'] OR=['hazardous', 'radioactive'] NOT=None UNIT=kilogram CODE=waste_hazardous_kilogram
 DB=cutoff39 RESULTS=24977 NAME: waste_non_hazardous, Search parameters: AND=['waste'] OR=None NOT=['hazardous', 'radioactive'] UNIT=kilogram CODE=waste_non_hazardous_kilogram
 DB=cutoff39 RESULTS=1443 NAME: waste_incineration, Search parameters: AND=['waste', 'incineration'] OR=None NOT=None UNIT=kilogram CODE=waste_incineration_kilogram
 DB=cutoff39 RESULTS=516 NAME: waste_open_burning, Search parameters: AND=['waste', 'burning'] OR=None NOT=None UNIT=kilogram CODE=waste_open_burning_kilogram
 DB=cutoff39 RESULTS=42 NAME: waste_recycling, Search parameters: AND=['waste', 'recycling'] OR=None NOT=None UNIT=kilogram CODE=waste_recycling_kilogram
 DB=cutoff39 RESULTS=1251 NAME: waste_landfill, Search parameters: AND=['waste'] OR=['landfill', 'dumped', 'deposit'] NOT=None UNIT=kilogram CODE=waste_landfill_kilogram
 DB=cutoff39 RESULTS=8 NAME: waste_composting, Search parameters: AND=['waste', 'composting'] OR=None NOT=None UNIT=kilogram CODE=waste_composting_kilogram
 DB=cutoff39 RESULTS=26408 NAME: waste_total, Search parameters: AND=['waste'] OR=None NOT=None UNIT=kilogram CODE=waste_total_kilogram
 DB=cutoff39 RESULTS=0 NAME: waste_radioactive, Search parameters: AND=['waste', 'radioactive'] OR=None NOT=None UNIT=kilogram CODE=waste_radioactive_kilogram
 DB=cutoff39 RESULTS=2 NAME: waste_digestion, Search parameters: AND=['waste', 'digestion'] OR=None NOT=None UNIT=cubic meter CODE=waste_digestion_cubicmeter
 DB=cutoff39 RESULTS=277 NAME: waste_hazardous, Search parameters: AND=['waste'] OR=['hazardous', 'radioactive'] NOT=None UNIT=cubic meter CODE=waste_hazardous_cubicmeter
 DB=cutoff39 RESULTS=3421 NAME: waste_non_hazardous, Search parameters: AND=['waste'] OR=None NOT=['hazardous', 'radioactive'] UNIT=cubic meter CODE=waste_non_hazardous_cubicmeter
 DB=cutoff39 RESULTS=1 NAME: waste_incineration, Search parameters: AND=['waste', 'incineration'] OR=None NOT=None UNIT=cubic meter CODE=waste_incineration_cubicmeter
 DB=cutoff39 RESULTS=0 NAME: waste_open_burning, Search parameters: AND=['waste', 'burning'] OR=None NOT=None UNIT=cubic meter CODE=waste_open_burning_cubicmeter
 DB=cutoff39 RESULTS=0 NAME: waste_recycling, Search parameters: AND=['waste', 'recycling'] OR=None NOT=None UNIT=cubic meter CODE=waste_recycling_cubicmeter
 DB=cutoff39 RESULTS=1 NAME: waste_landfill, Search parameters: AND=['waste'] OR=['landfill', 'dumped', 'deposit'] NOT=None UNIT=cubic meter CODE=waste_landfill_cubicmeter
 DB=cutoff39 RESULTS=0 NAME: waste_composting, Search parameters: AND=['waste', 'composting'] OR=None NOT=None UNIT=cubic meter CODE=waste_composting_cubicmeter
 DB=cutoff39 RESULTS=3698 NAME: waste_total, Search parameters: AND=['waste'] OR=None NOT=None UNIT=cubic meter CODE=waste_total_cubicmeter
 DB=cutoff39 RESULTS=277 NAME: waste_radioactive, Search parameters: AND=['waste', 'radioactive'] OR=None NOT=None UNIT=cubic meter CODE=waste_radioactive_cubicmeter
 DB=con35 RESULTS=2 NAME: waste_digestion, Search parameters: AND=['waste', 'digestion'] OR=None NOT=None UNIT=kilogram CODE=waste_digestion_kilogram
 DB=con35 RESULTS=581 NAME: waste_hazardous, Search parameters: AND=['waste'] OR=['hazardous', 'radioactive'] NOT=None UNIT=kilogram CODE=waste_hazardous_kilogram
 DB=con35 RESULTS=18740 NAME: waste_non_hazardous, Search parameters: AND=['waste'] OR=None NOT=['hazardous', 'radioactive'] UNIT=kilogram CODE=waste_non_hazardous_kilogram
 DB=con35 RESULTS=987 NAME: waste_incineration, Search parameters: AND=['waste', 'incineration'] OR=None NOT=None UNIT=kilogram CODE=waste_incineration_kilogram
 DB=con35 RESULTS=555 NAME: waste_open_burning, Search parameters: AND=['waste', 'burning'] OR=None NOT=None UNIT=kilogram CODE=waste_open_burning_kilogram
 DB=con35 RESULTS=54 NAME: waste_recycling, Search parameters: AND=['waste', 'recycling'] OR=None NOT=None UNIT=kilogram CODE=waste_recycling_kilogram
 DB=con35 RESULTS=899 NAME: waste_landfill, Search parameters: AND=['waste'] OR=['landfill', 'dumped', 'deposit'] NOT=None UNIT=kilogram CODE=waste_landfill_kilogram
 DB=con35 RESULTS=2 NAME: waste_composting, Search parameters: AND=['waste', 'composting'] OR=None NOT=None UNIT=kilogram CODE=waste_composting_kilogram
 DB=con35 RESULTS=19321 NAME: waste_total, Search parameters: AND=['waste'] OR=None NOT=None UNIT=kilogram CODE=waste_total_kilogram
 DB=con35 RESULTS=0 NAME: waste_radioactive, Search parameters: AND=['waste', 'radioactive'] OR=None NOT=None UNIT=kilogram CODE=waste_radioactive_kilogram
 DB=con35 RESULTS=2 NAME: waste_digestion, Search parameters: AND=['waste', 'digestion'] OR=None NOT=None UNIT=cubic meter CODE=waste_digestion_cubicmeter
 DB=con35 RESULTS=275 NAME: waste_hazardous, Search parameters: AND=['waste'] OR=['hazardous', 'radioactive'] NOT=None UNIT=cubic meter CODE=waste_hazardous_cubicmeter
 DB=con35 RESULTS=1590 NAME: waste_non_hazardous, Search parameters: AND=['waste'] OR=None NOT=['hazardous', 'radioactive'] UNIT=cubic meter CODE=waste_non_hazardous_cubicmeter
 DB=con35 RESULTS=1 NAME: waste_incineration, Search parameters: AND=['waste', 'incineration'] OR=None NOT=None UNIT=cubic meter CODE=waste_incineration_cubicmeter
 DB=con35 RESULTS=0 NAME: waste_open_burning, Search parameters: AND=['waste', 'burning'] OR=None NOT=None UNIT=cubic meter CODE=waste_open_burning_cubicmeter
 DB=con35 RESULTS=0 NAME: waste_recycling, Search parameters: AND=['waste', 'recycling'] OR=None NOT=None UNIT=cubic meter CODE=waste_recycling_cubicmeter
 DB=con35 RESULTS=1 NAME: waste_landfill, Search parameters: AND=['waste'] OR=['landfill', 'dumped', 'deposit'] NOT=None UNIT=cubic meter CODE=waste_landfill_cubicmeter
 DB=con35 RESULTS=0 NAME: waste_composting, Search parameters: AND=['waste', 'composting'] OR=None NOT=None UNIT=cubic meter CODE=waste_composting_cubicmeter
 DB=con35 RESULTS=1865 NAME: waste_total, Search parameters: AND=['waste'] OR=None NOT=None UNIT=cubic meter CODE=waste_total_cubicmeter
 DB=con35 RESULTS=275 NAME: waste_radioactive, Search parameters: AND=['waste', 'radioactive'] OR=None NOT=None UNIT=cubic meter CODE=waste_radioactive_cubicmeter
 DB=con38 RESULTS=2 NAME: waste_digestion, Search parameters: AND=['waste', 'digestion'] OR=None NOT=None UNIT=kilogram CODE=waste_digestion_kilogram
 DB=con38 RESULTS=949 NAME: waste_hazardous, Search parameters: AND=['waste'] OR=['hazardous', 'radioactive'] NOT=None UNIT=kilogram CODE=waste_hazardous_kilogram
 DB=con38 RESULTS=21057 NAME: waste_non_hazardous, Search parameters: AND=['waste'] OR=None NOT=['hazardous', 'radioactive'] UNIT=kilogram CODE=waste_non_hazardous_kilogram
 DB=con38 RESULTS=1209 NAME: waste_incineration, Search parameters: AND=['waste', 'incineration'] OR=None NOT=None UNIT=kilogram CODE=waste_incineration_kilogram
 DB=con38 RESULTS=559 NAME: waste_open_burning, Search parameters: AND=['waste', 'burning'] OR=None NOT=None UNIT=kilogram CODE=waste_open_burning_kilogram
 DB=con38 RESULTS=54 NAME: waste_recycling, Search parameters: AND=['waste', 'recycling'] OR=None NOT=None UNIT=kilogram CODE=waste_recycling_kilogram
 DB=con38 RESULTS=1053 NAME: waste_landfill, Search parameters: AND=['waste'] OR=['landfill', 'dumped', 'deposit'] NOT=None UNIT=kilogram CODE=waste_landfill_kilogram
 DB=con38 RESULTS=8 NAME: waste_composting, Search parameters: AND=['waste', 'composting'] OR=None NOT=None UNIT=kilogram CODE=waste_composting_kilogram
 DB=con38 RESULTS=22006 NAME: waste_total, Search parameters: AND=['waste'] OR=None NOT=None UNIT=kilogram CODE=waste_total_kilogram
 DB=con38 RESULTS=0 NAME: waste_radioactive, Search parameters: AND=['waste', 'radioactive'] OR=None NOT=None UNIT=kilogram CODE=waste_radioactive_kilogram
 DB=con38 RESULTS=2 NAME: waste_digestion, Search parameters: AND=['waste', 'digestion'] OR=None NOT=None UNIT=cubic meter CODE=waste_digestion_cubicmeter
 DB=con38 RESULTS=284 NAME: waste_hazardous, Search parameters: AND=['waste'] OR=['hazardous', 'radioactive'] NOT=None UNIT=cubic meter CODE=waste_hazardous_cubicmeter
 DB=con38 RESULTS=2075 NAME: waste_non_hazardous, Search parameters: AND=['waste'] OR=None NOT=['hazardous', 'radioactive'] UNIT=cubic meter CODE=waste_non_hazardous_cubicmeter
 DB=con38 RESULTS=1 NAME: waste_incineration, Search parameters: AND=['waste', 'incineration'] OR=None NOT=None UNIT=cubic meter CODE=waste_incineration_cubicmeter
 DB=con38 RESULTS=0 NAME: waste_open_burning, Search parameters: AND=['waste', 'burning'] OR=None NOT=None UNIT=cubic meter CODE=waste_open_burning_cubicmeter
 DB=con38 RESULTS=0 NAME: waste_recycling, Search parameters: AND=['waste', 'recycling'] OR=None NOT=None UNIT=cubic meter CODE=waste_recycling_cubicmeter
 DB=con38 RESULTS=1 NAME: waste_landfill, Search parameters: AND=['waste'] OR=['landfill', 'dumped', 'deposit'] NOT=None UNIT=cubic meter CODE=waste_landfill_cubicmeter
 DB=con38 RESULTS=0 NAME: waste_composting, Search parameters: AND=['waste', 'composting'] OR=None NOT=None UNIT=cubic meter CODE=waste_composting_cubicmeter
 DB=con38 RESULTS=2359 NAME: waste_total, Search parameters: AND=['waste'] OR=None NOT=None UNIT=cubic meter CODE=waste_total_cubicmeter
 DB=con38 RESULTS=284 NAME: waste_radioactive, Search parameters: AND=['waste', 'radioactive'] OR=None NOT=None UNIT=cubic meter CODE=waste_radioactive_cubicmeter
 DB=con39 RESULTS=2 NAME: waste_digestion, Search parameters: AND=['waste', 'digestion'] OR=None NOT=None UNIT=kilogram CODE=waste_digestion_kilogram
 DB=con39 RESULTS=1133 NAME: waste_hazardous, Search parameters: AND=['waste'] OR=['hazardous', 'radioactive'] NOT=None UNIT=kilogram CODE=waste_hazardous_kilogram
 DB=con39 RESULTS=22253 NAME: waste_non_hazardous, Search parameters: AND=['waste'] OR=None NOT=['hazardous', 'radioactive'] UNIT=kilogram CODE=waste_non_hazardous_kilogram
 DB=con39 RESULTS=1218 NAME: waste_incineration, Search parameters: AND=['waste', 'incineration'] OR=None NOT=None UNIT=kilogram CODE=waste_incineration_kilogram
 DB=con39 RESULTS=559 NAME: waste_open_burning, Search parameters: AND=['waste', 'burning'] OR=None NOT=None UNIT=kilogram CODE=waste_open_burning_kilogram
 DB=con39 RESULTS=57 NAME: waste_recycling, Search parameters: AND=['waste', 'recycling'] OR=None NOT=None UNIT=kilogram CODE=waste_recycling_kilogram
 DB=con39 RESULTS=1152 NAME: waste_landfill, Search parameters: AND=['waste'] OR=['landfill', 'dumped', 'deposit'] NOT=None UNIT=kilogram CODE=waste_landfill_kilogram
 DB=con39 RESULTS=8 NAME: waste_composting, Search parameters: AND=['waste', 'composting'] OR=None NOT=None UNIT=kilogram CODE=waste_composting_kilogram
 DB=con39 RESULTS=23386 NAME: waste_total, Search parameters: AND=['waste'] OR=None NOT=None UNIT=kilogram CODE=waste_total_kilogram
 DB=con39 RESULTS=0 NAME: waste_radioactive, Search parameters: AND=['waste', 'radioactive'] OR=None NOT=None UNIT=kilogram CODE=waste_radioactive_kilogram
 DB=con39 RESULTS=2 NAME: waste_digestion, Search parameters: AND=['waste', 'digestion'] OR=None NOT=None UNIT=cubic meter CODE=waste_digestion_cubicmeter
 DB=con39 RESULTS=295 NAME: waste_hazardous, Search parameters: AND=['waste'] OR=['hazardous', 'radioactive'] NOT=None UNIT=cubic meter CODE=waste_hazardous_cubicmeter
 DB=con39 RESULTS=2763 NAME: waste_non_hazardous, Search parameters: AND=['waste'] OR=None NOT=['hazardous', 'radioactive'] UNIT=cubic meter CODE=waste_non_hazardous_cubicmeter
 DB=con39 RESULTS=1 NAME: waste_incineration, Search parameters: AND=['waste', 'incineration'] OR=None NOT=None UNIT=cubic meter CODE=waste_incineration_cubicmeter
 DB=con39 RESULTS=0 NAME: waste_open_burning, Search parameters: AND=['waste', 'burning'] OR=None NOT=None UNIT=cubic meter CODE=waste_open_burning_cubicmeter
 DB=con39 RESULTS=0 NAME: waste_recycling, Search parameters: AND=['waste', 'recycling'] OR=None NOT=None UNIT=cubic meter CODE=waste_recycling_cubicmeter
 DB=con39 RESULTS=1 NAME: waste_landfill, Search parameters: AND=['waste'] OR=['landfill', 'dumped', 'deposit'] NOT=None UNIT=cubic meter CODE=waste_landfill_cubicmeter
 DB=con39 RESULTS=0 NAME: waste_composting, Search parameters: AND=['waste', 'composting'] OR=None NOT=None UNIT=cubic meter CODE=waste_composting_cubicmeter
 DB=con39 RESULTS=3058 NAME: waste_total, Search parameters: AND=['waste'] OR=None NOT=None UNIT=cubic meter CODE=waste_total_cubicmeter
 DB=con39 RESULTS=295 NAME: waste_radioactive, Search parameters: AND=['waste', 'radioactive'] OR=None NOT=None UNIT=cubic meter CODE=waste_radioactive_cubicmeter
 DB=apos35 RESULTS=2 NAME: waste_digestion, Search parameters: AND=['waste', 'digestion'] OR=None NOT=None UNIT=kilogram CODE=waste_digestion_kilogram
 DB=apos35 RESULTS=1583 NAME: waste_hazardous, Search parameters: AND=['waste'] OR=['hazardous', 'radioactive'] NOT=None UNIT=kilogram CODE=waste_hazardous_kilogram
 DB=apos35 RESULTS=72662 NAME: waste_non_hazardous, Search parameters: AND=['waste'] OR=None NOT=['hazardous', 'radioactive'] UNIT=kilogram CODE=waste_non_hazardous_kilogram
 DB=apos35 RESULTS=1810 NAME: waste_incineration, Search parameters: AND=['waste', 'incineration'] OR=None NOT=None UNIT=kilogram CODE=waste_incineration_kilogram
 DB=apos35 RESULTS=555 NAME: waste_open_burning, Search parameters: AND=['waste', 'burning'] OR=None NOT=None UNIT=kilogram CODE=waste_open_burning_kilogram
 DB=apos35 RESULTS=200 NAME: waste_recycling, Search parameters: AND=['waste', 'recycling'] OR=None NOT=None UNIT=kilogram CODE=waste_recycling_kilogram
 DB=apos35 RESULTS=1444 NAME: waste_landfill, Search parameters: AND=['waste'] OR=['landfill', 'dumped', 'deposit'] NOT=None UNIT=kilogram CODE=waste_landfill_kilogram
 DB=apos35 RESULTS=2 NAME: waste_composting, Search parameters: AND=['waste', 'composting'] OR=None NOT=None UNIT=kilogram CODE=waste_composting_kilogram
 DB=apos35 RESULTS=74245 NAME: waste_total, Search parameters: AND=['waste'] OR=None NOT=None UNIT=kilogram CODE=waste_total_kilogram
 DB=apos35 RESULTS=0 NAME: waste_radioactive, Search parameters: AND=['waste', 'radioactive'] OR=None NOT=None UNIT=kilogram CODE=waste_radioactive_kilogram
 DB=apos35 RESULTS=0 NAME: waste_digestion, Search parameters: AND=['waste', 'digestion'] OR=None NOT=None UNIT=cubic meter CODE=waste_digestion_cubicmeter
 DB=apos35 RESULTS=565 NAME: waste_hazardous, Search parameters: AND=['waste'] OR=['hazardous', 'radioactive'] NOT=None UNIT=cubic meter CODE=waste_hazardous_cubicmeter
 DB=apos35 RESULTS=4081 NAME: waste_non_hazardous, Search parameters: AND=['waste'] OR=None NOT=['hazardous', 'radioactive'] UNIT=cubic meter CODE=waste_non_hazardous_cubicmeter
 DB=apos35 RESULTS=1 NAME: waste_incineration, Search parameters: AND=['waste', 'incineration'] OR=None NOT=None UNIT=cubic meter CODE=waste_incineration_cubicmeter
 DB=apos35 RESULTS=0 NAME: waste_open_burning, Search parameters: AND=['waste', 'burning'] OR=None NOT=None UNIT=cubic meter CODE=waste_open_burning_cubicmeter
 DB=apos35 RESULTS=0 NAME: waste_recycling, Search parameters: AND=['waste', 'recycling'] OR=None NOT=None UNIT=cubic meter CODE=waste_recycling_cubicmeter
 DB=apos35 RESULTS=1 NAME: waste_landfill, Search parameters: AND=['waste'] OR=['landfill', 'dumped', 'deposit'] NOT=None UNIT=cubic meter CODE=waste_landfill_cubicmeter
 DB=apos35 RESULTS=0 NAME: waste_composting, Search parameters: AND=['waste', 'composting'] OR=None NOT=None UNIT=cubic meter CODE=waste_composting_cubicmeter
 DB=apos35 RESULTS=4646 NAME: waste_total, Search parameters: AND=['waste'] OR=None NOT=None UNIT=cubic meter CODE=waste_total_cubicmeter
 DB=apos35 RESULTS=565 NAME: waste_radioactive, Search parameters: AND=['waste', 'radioactive'] OR=None NOT=None UNIT=cubic meter CODE=waste_radioactive_cubicmeter
 DB=apos38 RESULTS=2 NAME: waste_digestion, Search parameters: AND=['waste', 'digestion'] OR=None NOT=None UNIT=kilogram CODE=waste_digestion_kilogram
 DB=apos38 RESULTS=2783 NAME: waste_hazardous, Search parameters: AND=['waste'] OR=['hazardous', 'radioactive'] NOT=None UNIT=kilogram CODE=waste_hazardous_kilogram
 DB=apos38 RESULTS=86539 NAME: waste_non_hazardous, Search parameters: AND=['waste'] OR=None NOT=['hazardous', 'radioactive'] UNIT=kilogram CODE=waste_non_hazardous_kilogram
 DB=apos38 RESULTS=2766 NAME: waste_incineration, Search parameters: AND=['waste', 'incineration'] OR=None NOT=None UNIT=kilogram CODE=waste_incineration_kilogram
 DB=apos38 RESULTS=555 NAME: waste_open_burning, Search parameters: AND=['waste', 'burning'] OR=None NOT=None UNIT=kilogram CODE=waste_open_burning_kilogram
 DB=apos38 RESULTS=268 NAME: waste_recycling, Search parameters: AND=['waste', 'recycling'] OR=None NOT=None UNIT=kilogram CODE=waste_recycling_kilogram
 DB=apos38 RESULTS=2135 NAME: waste_landfill, Search parameters: AND=['waste'] OR=['landfill', 'dumped', 'deposit'] NOT=None UNIT=kilogram CODE=waste_landfill_kilogram
 DB=apos38 RESULTS=4 NAME: waste_composting, Search parameters: AND=['waste', 'composting'] OR=None NOT=None UNIT=kilogram CODE=waste_composting_kilogram
 DB=apos38 RESULTS=89322 NAME: waste_total, Search parameters: AND=['waste'] OR=None NOT=None UNIT=kilogram CODE=waste_total_kilogram
 DB=apos38 RESULTS=0 NAME: waste_radioactive, Search parameters: AND=['waste', 'radioactive'] OR=None NOT=None UNIT=kilogram CODE=waste_radioactive_kilogram
 DB=apos38 RESULTS=0 NAME: waste_digestion, Search parameters: AND=['waste', 'digestion'] OR=None NOT=None UNIT=cubic meter CODE=waste_digestion_cubicmeter
 DB=apos38 RESULTS=687 NAME: waste_hazardous, Search parameters: AND=['waste'] OR=['hazardous', 'radioactive'] NOT=None UNIT=cubic meter CODE=waste_hazardous_cubicmeter
 DB=apos38 RESULTS=5629 NAME: waste_non_hazardous, Search parameters: AND=['waste'] OR=None NOT=['hazardous', 'radioactive'] UNIT=cubic meter CODE=waste_non_hazardous_cubicmeter
 DB=apos38 RESULTS=1 NAME: waste_incineration, Search parameters: AND=['waste', 'incineration'] OR=None NOT=None UNIT=cubic meter CODE=waste_incineration_cubicmeter
 DB=apos38 RESULTS=0 NAME: waste_open_burning, Search parameters: AND=['waste', 'burning'] OR=None NOT=None UNIT=cubic meter CODE=waste_open_burning_cubicmeter
 DB=apos38 RESULTS=0 NAME: waste_recycling, Search parameters: AND=['waste', 'recycling'] OR=None NOT=None UNIT=cubic meter CODE=waste_recycling_cubicmeter
 DB=apos38 RESULTS=1 NAME: waste_landfill, Search parameters: AND=['waste'] OR=['landfill', 'dumped', 'deposit'] NOT=None UNIT=cubic meter CODE=waste_landfill_cubicmeter
 DB=apos38 RESULTS=0 NAME: waste_composting, Search parameters: AND=['waste', 'composting'] OR=None NOT=None UNIT=cubic meter CODE=waste_composting_cubicmeter
 DB=apos38 RESULTS=6316 NAME: waste_total, Search parameters: AND=['waste'] OR=None NOT=None UNIT=cubic meter CODE=waste_total_cubicmeter
 DB=apos38 RESULTS=687 NAME: waste_radioactive, Search parameters: AND=['waste', 'radioactive'] OR=None NOT=None UNIT=cubic meter CODE=waste_radioactive_cubicmeter
