cutoff38,WasteDemand_cutoff38
cutoff38,WasteDemand_cutoff38
cutoff39,WasteDemand_cutoff39
con38,WasteDemand_con38
con39,WasteDemand_con39
cutoff38,WasteDemand_cutoff38
cutoff39,WasteDemand_cutoff39
cutoff35,WasteDemand_cutoff35
con35,WasteDemand_con35
con38,WasteDemand_con38
con39,WasteDemand_con39
apos38,WasteDemand_apos38
cutoff35,WasteFootprint_cutoff35
cutoff38,WasteFootprint_cutoff38
cutoff35,WasteFootprint_cutoff35
cutoff38,WasteFootprint_cutoff38
cutoff39,WasteFootprint_cutoff39
con35,WasteFootprint_con35
con38,WasteFootprint_con38
con39,WasteFootprint_con39
apos35,WasteFootprint_apos35
apos38,WasteFootprint_apos38
cutoff35,WasteFootprint_cutoff35
cutoff38,WasteFootprint_cutoff38
cutoff39,WasteFootprint_cutoff39
con35,WasteFootprint_con35
con38,WasteFootprint_con38
con39,WasteFootprint_con39
apos35,WasteFootprint_apos35
apos38,WasteFootprint_apos38
